2024-10-15 14:58:38.394 +02:00 [INF] Executed DbCommand (10ms) [Parameters=[], CommandType='"Text"', CommandTimeout='30']
PRAGMA journal_mode = 'wal';
2024-10-15 14:58:39.992 +02:00 [INF] Executed DbCommand (0ms) [Parameters=[], CommandType='"Text"', CommandTimeout='30']
CREATE TABLE "Allergies" (
    "AllergyCode" INTEGER NOT NULL CONSTRAINT "PK_Allergies" PRIMARY KEY AUTOINCREMENT,
    "Name" TEXT NOT NULL
);
2024-10-15 14:58:39.997 +02:00 [INF] Executed DbCommand (0ms) [Parameters=[], CommandType='"Text"', CommandTimeout='30']
CREATE TABLE "Categories" (
    "CategoryId" INTEGER NOT NULL CONSTRAINT "PK_Categories" PRIMARY KEY AUTOINCREMENT,
    "Name" TEXT NOT NULL
);
2024-10-15 14:58:40.003 +02:00 [INF] Executed DbCommand (0ms) [Parameters=[], CommandType='"Text"', CommandTimeout='30']
CREATE TABLE "Users" (
    "UserId" INTEGER NOT NULL CONSTRAINT "PK_Users" PRIMARY KEY AUTOINCREMENT,
    "Email" TEXT NOT NULL,
    "UserRole" INTEGER NOT NULL,
    "Password" TEXT NOT NULL
);
2024-10-15 14:58:40.008 +02:00 [INF] Executed DbCommand (0ms) [Parameters=[], CommandType='"Text"', CommandTimeout='30']
CREATE TABLE "Collections" (
    "CollectionId" INTEGER NOT NULL CONSTRAINT "PK_Collections" PRIMARY KEY AUTOINCREMENT,
    "Name" TEXT NOT NULL,
    "UserId" INTEGER NOT NULL,
    "CreatedAt" TEXT NULL,
    CONSTRAINT "FK_Collections_Users_UserId" FOREIGN KEY ("UserId") REFERENCES "Users" ("UserId") ON DELETE CASCADE
);
2024-10-15 14:58:40.013 +02:00 [INF] Executed DbCommand (0ms) [Parameters=[], CommandType='"Text"', CommandTimeout='30']
CREATE TABLE "Products" (
    "ProductId" INTEGER NOT NULL CONSTRAINT "PK_Products" PRIMARY KEY AUTOINCREMENT,
    "Name" TEXT NOT NULL,
    "Energy" REAL NOT NULL,
    "Fat" REAL NOT NULL,
    "Carbohydrates" REAL NOT NULL,
    "Protein" REAL NOT NULL,
    "Description" TEXT NULL,
    "ImageUrl" TEXT NULL,
    "UserId" INTEGER NOT NULL,
    "CategoryId" INTEGER NOT NULL,
    "CreatedAt" TEXT NULL,
    "CollectionId" INTEGER NULL,
    CONSTRAINT "FK_Products_Categories_CategoryId" FOREIGN KEY ("CategoryId") REFERENCES "Categories" ("CategoryId") ON DELETE CASCADE,
    CONSTRAINT "FK_Products_Collections_CollectionId" FOREIGN KEY ("CollectionId") REFERENCES "Collections" ("CollectionId"),
    CONSTRAINT "FK_Products_Users_UserId" FOREIGN KEY ("UserId") REFERENCES "Users" ("UserId") ON DELETE CASCADE
);
2024-10-15 14:58:40.016 +02:00 [INF] Executed DbCommand (0ms) [Parameters=[], CommandType='"Text"', CommandTimeout='30']
CREATE TABLE "AllergyProducts" (
    "AllergyProductId" INTEGER NOT NULL CONSTRAINT "PK_AllergyProducts" PRIMARY KEY AUTOINCREMENT,
    "ProductId" INTEGER NOT NULL,
    "AllergyCode" INTEGER NOT NULL,
    CONSTRAINT "FK_AllergyProducts_Allergies_AllergyCode" FOREIGN KEY ("AllergyCode") REFERENCES "Allergies" ("AllergyCode") ON DELETE CASCADE,
    CONSTRAINT "FK_AllergyProducts_Products_ProductId" FOREIGN KEY ("ProductId") REFERENCES "Products" ("ProductId") ON DELETE CASCADE
);
2024-10-15 14:58:40.021 +02:00 [INF] Executed DbCommand (0ms) [Parameters=[], CommandType='"Text"', CommandTimeout='30']
CREATE TABLE "Reviews" (
    "ReviewId" INTEGER NOT NULL CONSTRAINT "PK_Reviews" PRIMARY KEY AUTOINCREMENT,
    "UserId" INTEGER NOT NULL,
    "ProductId" INTEGER NOT NULL,
    "Rating" TEXT NOT NULL,
    "Comment" TEXT NULL,
    "CreatedAt" TEXT NULL,
    CONSTRAINT "FK_Reviews_Products_ProductId" FOREIGN KEY ("ProductId") REFERENCES "Products" ("ProductId") ON DELETE CASCADE,
    CONSTRAINT "FK_Reviews_Users_UserId" FOREIGN KEY ("UserId") REFERENCES "Users" ("UserId") ON DELETE CASCADE
);
2024-10-15 14:58:40.023 +02:00 [INF] Executed DbCommand (0ms) [Parameters=[], CommandType='"Text"', CommandTimeout='30']
CREATE INDEX "IX_AllergyProducts_AllergyCode" ON "AllergyProducts" ("AllergyCode");
2024-10-15 14:58:40.027 +02:00 [INF] Executed DbCommand (0ms) [Parameters=[], CommandType='"Text"', CommandTimeout='30']
CREATE INDEX "IX_AllergyProducts_ProductId" ON "AllergyProducts" ("ProductId");
2024-10-15 14:58:40.030 +02:00 [INF] Executed DbCommand (0ms) [Parameters=[], CommandType='"Text"', CommandTimeout='30']
CREATE INDEX "IX_Collections_UserId" ON "Collections" ("UserId");
2024-10-15 14:58:40.033 +02:00 [INF] Executed DbCommand (0ms) [Parameters=[], CommandType='"Text"', CommandTimeout='30']
CREATE INDEX "IX_Products_CategoryId" ON "Products" ("CategoryId");
2024-10-15 14:58:40.036 +02:00 [INF] Executed DbCommand (0ms) [Parameters=[], CommandType='"Text"', CommandTimeout='30']
CREATE INDEX "IX_Products_CollectionId" ON "Products" ("CollectionId");
2024-10-15 14:58:40.039 +02:00 [INF] Executed DbCommand (0ms) [Parameters=[], CommandType='"Text"', CommandTimeout='30']
CREATE INDEX "IX_Products_UserId" ON "Products" ("UserId");
2024-10-15 14:58:40.042 +02:00 [INF] Executed DbCommand (0ms) [Parameters=[], CommandType='"Text"', CommandTimeout='30']
CREATE INDEX "IX_Reviews_ProductId" ON "Reviews" ("ProductId");
2024-10-15 14:58:40.046 +02:00 [INF] Executed DbCommand (0ms) [Parameters=[], CommandType='"Text"', CommandTimeout='30']
CREATE INDEX "IX_Reviews_UserId" ON "Reviews" ("UserId");
2024-10-15 14:58:40.309 +02:00 [INF] Executed DbCommand (1ms) [Parameters=[], CommandType='"Text"', CommandTimeout='30']
SELECT EXISTS (
    SELECT 1
    FROM "Users" AS "u")
2024-10-15 14:58:40.547 +02:00 [INF] Executed DbCommand (3ms) [Parameters=[@p0='?' (DbType = Int32), @p1='?' (Size = 15), @p2='?' (Size = 7), @p3='?' (DbType = Int32)], CommandType='"Text"', CommandTimeout='30']
INSERT INTO "Users" ("UserId", "Email", "Password", "UserRole")
VALUES (@p0, @p1, @p2, @p3);
2024-10-15 14:58:40.553 +02:00 [INF] Executed DbCommand (0ms) [Parameters=[@p0='?' (DbType = Int32), @p1='?' (Size = 15), @p2='?' (Size = 7), @p3='?' (DbType = Int32)], CommandType='"Text"', CommandTimeout='30']
INSERT INTO "Users" ("UserId", "Email", "Password", "UserRole")
VALUES (@p0, @p1, @p2, @p3);
2024-10-15 14:58:40.557 +02:00 [INF] Executed DbCommand (0ms) [Parameters=[@p0='?' (DbType = Int32), @p1='?' (Size = 15), @p2='?' (Size = 7), @p3='?' (DbType = Int32)], CommandType='"Text"', CommandTimeout='30']
INSERT INTO "Users" ("UserId", "Email", "Password", "UserRole")
VALUES (@p0, @p1, @p2, @p3);
2024-10-15 14:58:40.571 +02:00 [INF] Executed DbCommand (0ms) [Parameters=[], CommandType='"Text"', CommandTimeout='30']
SELECT EXISTS (
    SELECT 1
    FROM "Allergies" AS "a")
2024-10-15 14:58:40.622 +02:00 [INF] Executed DbCommand (1ms) [Parameters=[@p0='?' (DbType = Int32), @p1='?' (Size = 6)], CommandType='"Text"', CommandTimeout='30']
INSERT INTO "Allergies" ("AllergyCode", "Name")
VALUES (@p0, @p1);
2024-10-15 14:58:40.634 +02:00 [INF] Executed DbCommand (0ms) [Parameters=[@p0='?' (DbType = Int32), @p1='?' (Size = 4)], CommandType='"Text"', CommandTimeout='30']
INSERT INTO "Allergies" ("AllergyCode", "Name")
VALUES (@p0, @p1);
2024-10-15 14:58:40.637 +02:00 [INF] Executed DbCommand (0ms) [Parameters=[@p0='?' (DbType = Int32), @p1='?' (Size = 3)], CommandType='"Text"', CommandTimeout='30']
INSERT INTO "Allergies" ("AllergyCode", "Name")
VALUES (@p0, @p1);
2024-10-15 14:58:40.640 +02:00 [INF] Executed DbCommand (0ms) [Parameters=[@p0='?' (DbType = Int32), @p1='?' (Size = 3)], CommandType='"Text"', CommandTimeout='30']
INSERT INTO "Allergies" ("AllergyCode", "Name")
VALUES (@p0, @p1);
2024-10-15 14:58:40.653 +02:00 [INF] Executed DbCommand (0ms) [Parameters=[], CommandType='"Text"', CommandTimeout='30']
SELECT EXISTS (
    SELECT 1
    FROM "Categories" AS "c")
2024-10-15 14:58:40.678 +02:00 [INF] Executed DbCommand (0ms) [Parameters=[@p0='?' (Size = 23)], CommandType='"Text"', CommandTimeout='30']
INSERT INTO "Categories" ("Name")
VALUES (@p0)
RETURNING "CategoryId";
2024-10-15 14:58:40.694 +02:00 [INF] Executed DbCommand (0ms) [Parameters=[@p0='?' (Size = 5)], CommandType='"Text"', CommandTimeout='30']
INSERT INTO "Categories" ("Name")
VALUES (@p0)
RETURNING "CategoryId";
2024-10-15 14:58:40.698 +02:00 [INF] Executed DbCommand (0ms) [Parameters=[@p0='?' (Size = 4)], CommandType='"Text"', CommandTimeout='30']
INSERT INTO "Categories" ("Name")
VALUES (@p0)
RETURNING "CategoryId";
2024-10-15 14:58:40.703 +02:00 [INF] Executed DbCommand (0ms) [Parameters=[@p0='?' (Size = 21)], CommandType='"Text"', CommandTimeout='30']
INSERT INTO "Categories" ("Name")
VALUES (@p0)
RETURNING "CategoryId";
2024-10-15 14:58:40.712 +02:00 [INF] Executed DbCommand (0ms) [Parameters=[], CommandType='"Text"', CommandTimeout='30']
SELECT EXISTS (
    SELECT 1
    FROM "Products" AS "p")
2024-10-15 14:58:40.791 +02:00 [INF] Executed DbCommand (2ms) [Parameters=[@p0='?' (DbType = Double), @p1='?' (DbType = Int32), @p2='?' (DbType = Int32), @p3='?' (DbType = DateTime), @p4='?' (Size = 4), @p5='?' (DbType = Double), @p6='?' (DbType = Double), @p7='?' (Size = 16), @p8='?' (Size = 4), @p9='?' (DbType = Double), @p10='?' (DbType = Int32)], CommandType='"Text"', CommandTimeout='30']
INSERT INTO "Products" ("Carbohydrates", "CategoryId", "CollectionId", "CreatedAt", "Description", "Energy", "Fat", "ImageUrl", "Name", "Protein", "UserId")
VALUES (@p0, @p1, @p2, @p3, @p4, @p5, @p6, @p7, @p8, @p9, @p10)
RETURNING "ProductId";
2024-10-15 14:58:40.799 +02:00 [INF] Executed DbCommand (0ms) [Parameters=[@p0='?' (DbType = Double), @p1='?' (DbType = Int32), @p2='?' (DbType = Int32), @p3='?' (DbType = DateTime), @p4='?' (Size = 4), @p5='?' (DbType = Double), @p6='?' (DbType = Double), @p7='?' (Size = 16), @p8='?' (Size = 5), @p9='?' (DbType = Double), @p10='?' (DbType = Int32)], CommandType='"Text"', CommandTimeout='30']
INSERT INTO "Products" ("Carbohydrates", "CategoryId", "CollectionId", "CreatedAt", "Description", "Energy", "Fat", "ImageUrl", "Name", "Protein", "UserId")
VALUES (@p0, @p1, @p2, @p3, @p4, @p5, @p6, @p7, @p8, @p9, @p10)
RETURNING "ProductId";
2024-10-15 14:58:40.804 +02:00 [INF] Executed DbCommand (0ms) [Parameters=[@p0='?' (DbType = Double), @p1='?' (DbType = Int32), @p2='?' (DbType = Int32), @p3='?' (DbType = DateTime), @p4='?' (Size = 4), @p5='?' (DbType = Double), @p6='?' (DbType = Double), @p7='?' (Size = 16), @p8='?' (Size = 5), @p9='?' (DbType = Double), @p10='?' (DbType = Int32)], CommandType='"Text"', CommandTimeout='30']
INSERT INTO "Products" ("Carbohydrates", "CategoryId", "CollectionId", "CreatedAt", "Description", "Energy", "Fat", "ImageUrl", "Name", "Protein", "UserId")
VALUES (@p0, @p1, @p2, @p3, @p4, @p5, @p6, @p7, @p8, @p9, @p10)
RETURNING "ProductId";
2024-10-15 14:58:40.809 +02:00 [INF] Executed DbCommand (0ms) [Parameters=[@p0='?' (DbType = Double), @p1='?' (DbType = Int32), @p2='?' (DbType = Int32), @p3='?' (DbType = DateTime), @p4='?' (Size = 16), @p5='?' (DbType = Double), @p6='?' (DbType = Double), @p7='?' (Size = 16), @p8='?' (Size = 4), @p9='?' (DbType = Double), @p10='?' (DbType = Int32)], CommandType='"Text"', CommandTimeout='30']
INSERT INTO "Products" ("Carbohydrates", "CategoryId", "CollectionId", "CreatedAt", "Description", "Energy", "Fat", "ImageUrl", "Name", "Protein", "UserId")
VALUES (@p0, @p1, @p2, @p3, @p4, @p5, @p6, @p7, @p8, @p9, @p10)
RETURNING "ProductId";
2024-10-15 14:58:40.817 +02:00 [INF] Executed DbCommand (0ms) [Parameters=[], CommandType='"Text"', CommandTimeout='30']
SELECT EXISTS (
    SELECT 1
    FROM "AllergyProducts" AS "a")
2024-10-15 14:58:40.837 +02:00 [INF] Executed DbCommand (0ms) [Parameters=[@p0='?' (DbType = Int32), @p1='?' (DbType = Int32)], CommandType='"Text"', CommandTimeout='30']
INSERT INTO "AllergyProducts" ("AllergyCode", "ProductId")
VALUES (@p0, @p1)
RETURNING "AllergyProductId";
2024-10-15 14:58:40.845 +02:00 [INF] Executed DbCommand (0ms) [Parameters=[@p0='?' (DbType = Int32), @p1='?' (DbType = Int32)], CommandType='"Text"', CommandTimeout='30']
INSERT INTO "AllergyProducts" ("AllergyCode", "ProductId")
VALUES (@p0, @p1)
RETURNING "AllergyProductId";
2024-10-15 14:58:40.853 +02:00 [INF] Executed DbCommand (0ms) [Parameters=[], CommandType='"Text"', CommandTimeout='30']
SELECT EXISTS (
    SELECT 1
    FROM "Reviews" AS "r")
2024-10-15 14:58:40.896 +02:00 [INF] Executed DbCommand (1ms) [Parameters=[@p0='?' (Size = 7), @p1='?' (DbType = DateTime), @p2='?' (DbType = Int32), @p3='?' (DbType = Decimal), @p4='?' (DbType = Int32)], CommandType='"Text"', CommandTimeout='30']
INSERT INTO "Reviews" ("Comment", "CreatedAt", "ProductId", "Rating", "UserId")
VALUES (@p0, @p1, @p2, @p3, @p4)
RETURNING "ReviewId";
2024-10-15 14:58:40.913 +02:00 [INF] Executed DbCommand (0ms) [Parameters=[@p0='?' (Size = 6), @p1='?' (DbType = DateTime), @p2='?' (DbType = Int32), @p3='?' (DbType = Decimal), @p4='?' (DbType = Int32)], CommandType='"Text"', CommandTimeout='30']
INSERT INTO "Reviews" ("Comment", "CreatedAt", "ProductId", "Rating", "UserId")
VALUES (@p0, @p1, @p2, @p3, @p4)
RETURNING "ReviewId";
2024-10-15 14:58:40.924 +02:00 [INF] Executed DbCommand (0ms) [Parameters=[], CommandType='"Text"', CommandTimeout='30']
SELECT EXISTS (
    SELECT 1
    FROM "Collections" AS "c")
2024-10-15 14:58:40.960 +02:00 [INF] Executed DbCommand (0ms) [Parameters=[@p0='?' (DbType = DateTime), @p1='?' (Size = 5), @p2='?' (DbType = Int32)], CommandType='"Text"', CommandTimeout='30']
INSERT INTO "Collections" ("CreatedAt", "Name", "UserId")
VALUES (@p0, @p1, @p2)
RETURNING "CollectionId";
2024-10-15 14:58:40.969 +02:00 [INF] Executed DbCommand (0ms) [Parameters=[@p0='?' (DbType = DateTime), @p1='?' (Size = 4), @p2='?' (DbType = Int32)], CommandType='"Text"', CommandTimeout='30']
INSERT INTO "Collections" ("CreatedAt", "Name", "UserId")
VALUES (@p0, @p1, @p2)
RETURNING "CollectionId";
2024-10-15 14:58:41.219 +02:00 [INF] User profile is available. Using '/Users/ange-claranyatchaptched/.aspnet/DataProtection-Keys' as key repository; keys will not be encrypted at rest.
2024-10-15 14:58:41.380 +02:00 [INF] Now listening on: http://localhost:5001
2024-10-15 14:58:41.392 +02:00 [INF] Application started. Press Ctrl+C to shut down.
2024-10-15 14:58:41.395 +02:00 [INF] Hosting environment: Development
2024-10-15 14:58:41.398 +02:00 [INF] Content root path: /Users/ange-claranyatchaptched/Desktop/webapp_sub1/mvc
2024-10-15 14:58:42.549 +02:00 [INF] Request starting HTTP/1.1 GET http://localhost:5001/ - null null
2024-10-15 14:58:42.582 +02:00 [WRN] Failed to determine the https port for redirect.
2024-10-15 14:58:42.617 +02:00 [INF] Executing endpoint 'mvc.Controllers.HomeController.Index (mvc)'
2024-10-15 14:58:42.896 +02:00 [INF] Route matched with {action = "Index", controller = "Home"}. Executing controller action with signature Microsoft.AspNetCore.Mvc.IActionResult Index() on controller mvc.Controllers.HomeController (mvc).
2024-10-15 14:58:42.916 +02:00 [INF] Executing ViewResult, running view Index.
2024-10-15 14:58:44.526 +02:00 [INF] Executed ViewResult - view Index executed in 1613.6977ms.
2024-10-15 14:58:44.529 +02:00 [INF] Executed action mvc.Controllers.HomeController.Index (mvc) in 1631.8941ms
2024-10-15 14:58:44.529 +02:00 [INF] Executed endpoint 'mvc.Controllers.HomeController.Index (mvc)'
2024-10-15 14:58:44.533 +02:00 [INF] Request finished HTTP/1.1 GET http://localhost:5001/ - 200 null text/html; charset=utf-8 1986.9066ms
2024-10-15 14:59:58.106 +02:00 [INF] Request starting HTTP/1.1 GET http://localhost:5001/Product - null null
2024-10-15 14:59:58.124 +02:00 [INF] Executing endpoint 'mvc.Controllers.ProductController.Index (mvc)'
2024-10-15 14:59:58.140 +02:00 [INF] Route matched with {action = "Index", controller = "Product"}. Executing controller action with signature System.Threading.Tasks.Task`1[Microsoft.AspNetCore.Mvc.IActionResult] Index() on controller mvc.Controllers.ProductController (mvc).
2024-10-15 14:59:58.156 +02:00 [INF] This is an information message.
2024-10-15 14:59:58.159 +02:00 [WRN] This is a warning message
2024-10-15 14:59:58.162 +02:00 [ERR] This is an error message.
2024-10-15 14:59:58.433 +02:00 [INF] Executed DbCommand (0ms) [Parameters=[], CommandType='"Text"', CommandTimeout='30']
SELECT "p"."ProductId", "p"."Carbohydrates", "p"."CategoryId", "p"."CollectionId", "p"."CreatedAt", "p"."Description", "p"."Energy", "p"."Fat", "p"."ImageUrl", "p"."Name", "p"."Protein", "p"."UserId"
FROM "Products" AS "p"
2024-10-15 14:59:58.451 +02:00 [INF] Executing ViewResult, running view Index.
2024-10-15 14:59:58.460 +02:00 [ERR] The view 'Index' was not found. Searched locations: ["/Views/Product/Index.cshtml","/Views/Shared/Index.cshtml"]
2024-10-15 14:59:58.468 +02:00 [INF] Executed action mvc.Controllers.ProductController.Index (mvc) in 327.9258ms
2024-10-15 14:59:58.470 +02:00 [INF] Executed endpoint 'mvc.Controllers.ProductController.Index (mvc)'
2024-10-15 14:59:58.509 +02:00 [ERR] An unhandled exception has occurred while executing the request.
System.InvalidOperationException: The view 'Index' was not found. The following locations were searched:
/Views/Product/Index.cshtml
/Views/Shared/Index.cshtml
   at Microsoft.AspNetCore.Mvc.ViewEngines.ViewEngineResult.EnsureSuccessful(IEnumerable`1 originalLocations)
   at Microsoft.AspNetCore.Mvc.ViewFeatures.ViewResultExecutor.ExecuteAsync(ActionContext context, ViewResult result)
   at Microsoft.AspNetCore.Mvc.ViewResult.ExecuteResultAsync(ActionContext context)
   at Microsoft.AspNetCore.Mvc.Infrastructure.ResourceInvoker.<InvokeNextResultFilterAsync>g__Awaited|30_0[TFilter,TFilterAsync](ResourceInvoker invoker, Task lastTask, State next, Scope scope, Object state, Boolean isCompleted)
   at Microsoft.AspNetCore.Mvc.Infrastructure.ResourceInvoker.Rethrow(ResultExecutedContextSealed context)
   at Microsoft.AspNetCore.Mvc.Infrastructure.ResourceInvoker.ResultNext[TFilter,TFilterAsync](State& next, Scope& scope, Object& state, Boolean& isCompleted)
   at Microsoft.AspNetCore.Mvc.Infrastructure.ResourceInvoker.InvokeResultFilters()
--- End of stack trace from previous location ---
   at Microsoft.AspNetCore.Mvc.Infrastructure.ResourceInvoker.<InvokeNextResourceFilter>g__Awaited|25_0(ResourceInvoker invoker, Task lastTask, State next, Scope scope, Object state, Boolean isCompleted)
   at Microsoft.AspNetCore.Mvc.Infrastructure.ResourceInvoker.Rethrow(ResourceExecutedContextSealed context)
   at Microsoft.AspNetCore.Mvc.Infrastructure.ResourceInvoker.Next(State& next, Scope& scope, Object& state, Boolean& isCompleted)
   at Microsoft.AspNetCore.Mvc.Infrastructure.ResourceInvoker.InvokeFilterPipelineAsync()
--- End of stack trace from previous location ---
   at Microsoft.AspNetCore.Mvc.Infrastructure.ResourceInvoker.<InvokeAsync>g__Logged|17_1(ResourceInvoker invoker)
   at Microsoft.AspNetCore.Mvc.Infrastructure.ResourceInvoker.<InvokeAsync>g__Logged|17_1(ResourceInvoker invoker)
   at Microsoft.AspNetCore.Routing.EndpointMiddleware.<Invoke>g__AwaitRequestTask|7_0(Endpoint endpoint, Task requestTask, ILogger logger)
   at Microsoft.AspNetCore.Authorization.AuthorizationMiddleware.Invoke(HttpContext context)
   at Microsoft.AspNetCore.Authentication.AuthenticationMiddleware.Invoke(HttpContext context)
   at Microsoft.AspNetCore.Diagnostics.DeveloperExceptionPageMiddlewareImpl.Invoke(HttpContext context)
2024-10-15 14:59:58.538 +02:00 [INF] Request finished HTTP/1.1 GET http://localhost:5001/Product - 500 null text/html; charset=utf-8 432.2511ms
