2024-11-05 01:40:52.250 +01:00 [INF] User profile is available. Using '/Users/ange-claranyatchaptched/.aspnet/DataProtection-Keys' as key repository; keys will not be encrypted at rest.
2024-11-05 01:40:53.440 +01:00 [INF] Executed DbCommand (13ms) [Parameters=[], CommandType='"Text"', CommandTimeout='30']
PRAGMA journal_mode = 'wal';
2024-11-05 01:40:53.631 +01:00 [INF] Executed DbCommand (0ms) [Parameters=[], CommandType='"Text"', CommandTimeout='30']
CREATE TABLE "Allergies" (
    "AllergyCode" INTEGER NOT NULL CONSTRAINT "PK_Allergies" PRIMARY KEY AUTOINCREMENT,
    "Name" TEXT NOT NULL
);
2024-11-05 01:40:53.634 +01:00 [INF] Executed DbCommand (0ms) [Parameters=[], CommandType='"Text"', CommandTimeout='30']
CREATE TABLE "AspNetRoles" (
    "Id" TEXT NOT NULL CONSTRAINT "PK_AspNetRoles" PRIMARY KEY,
    "Name" TEXT NULL,
    "NormalizedName" TEXT NULL,
    "ConcurrencyStamp" TEXT NULL
);
2024-11-05 01:40:53.638 +01:00 [INF] Executed DbCommand (0ms) [Parameters=[], CommandType='"Text"', CommandTimeout='30']
CREATE TABLE "AspNetUsers" (
    "Id" TEXT NOT NULL CONSTRAINT "PK_AspNetUsers" PRIMARY KEY,
    "ApplicationUserID" INTEGER NOT NULL,
    "Name" TEXT NOT NULL,
    "UserName" TEXT NULL,
    "NormalizedUserName" TEXT NULL,
    "Email" TEXT NULL,
    "NormalizedEmail" TEXT NULL,
    "EmailConfirmed" INTEGER NOT NULL,
    "PasswordHash" TEXT NULL,
    "SecurityStamp" TEXT NULL,
    "ConcurrencyStamp" TEXT NULL,
    "PhoneNumber" TEXT NULL,
    "PhoneNumberConfirmed" INTEGER NOT NULL,
    "TwoFactorEnabled" INTEGER NOT NULL,
    "LockoutEnd" TEXT NULL,
    "LockoutEnabled" INTEGER NOT NULL,
    "AccessFailedCount" INTEGER NOT NULL
);
2024-11-05 01:40:53.644 +01:00 [INF] Executed DbCommand (0ms) [Parameters=[], CommandType='"Text"', CommandTimeout='30']
CREATE TABLE "Categories" (
    "CategoryId" INTEGER NOT NULL CONSTRAINT "PK_Categories" PRIMARY KEY AUTOINCREMENT,
    "Name" TEXT NOT NULL
);
2024-11-05 01:40:53.647 +01:00 [INF] Executed DbCommand (0ms) [Parameters=[], CommandType='"Text"', CommandTimeout='30']
CREATE TABLE "AspNetRoleClaims" (
    "Id" INTEGER NOT NULL CONSTRAINT "PK_AspNetRoleClaims" PRIMARY KEY AUTOINCREMENT,
    "RoleId" TEXT NOT NULL,
    "ClaimType" TEXT NULL,
    "ClaimValue" TEXT NULL,
    CONSTRAINT "FK_AspNetRoleClaims_AspNetRoles_RoleId" FOREIGN KEY ("RoleId") REFERENCES "AspNetRoles" ("Id") ON DELETE CASCADE
);
2024-11-05 01:40:53.650 +01:00 [INF] Executed DbCommand (0ms) [Parameters=[], CommandType='"Text"', CommandTimeout='30']
CREATE TABLE "AspNetUserClaims" (
    "Id" INTEGER NOT NULL CONSTRAINT "PK_AspNetUserClaims" PRIMARY KEY AUTOINCREMENT,
    "UserId" TEXT NOT NULL,
    "ClaimType" TEXT NULL,
    "ClaimValue" TEXT NULL,
    CONSTRAINT "FK_AspNetUserClaims_AspNetUsers_UserId" FOREIGN KEY ("UserId") REFERENCES "AspNetUsers" ("Id") ON DELETE CASCADE
);
2024-11-05 01:40:53.655 +01:00 [INF] Executed DbCommand (0ms) [Parameters=[], CommandType='"Text"', CommandTimeout='30']
CREATE TABLE "AspNetUserLogins" (
    "LoginProvider" TEXT NOT NULL,
    "ProviderKey" TEXT NOT NULL,
    "ProviderDisplayName" TEXT NULL,
    "UserId" TEXT NOT NULL,
    CONSTRAINT "PK_AspNetUserLogins" PRIMARY KEY ("LoginProvider", "ProviderKey"),
    CONSTRAINT "FK_AspNetUserLogins_AspNetUsers_UserId" FOREIGN KEY ("UserId") REFERENCES "AspNetUsers" ("Id") ON DELETE CASCADE
);
2024-11-05 01:40:53.657 +01:00 [INF] Executed DbCommand (0ms) [Parameters=[], CommandType='"Text"', CommandTimeout='30']
CREATE TABLE "AspNetUserRoles" (
    "UserId" TEXT NOT NULL,
    "RoleId" TEXT NOT NULL,
    CONSTRAINT "PK_AspNetUserRoles" PRIMARY KEY ("UserId", "RoleId"),
    CONSTRAINT "FK_AspNetUserRoles_AspNetRoles_RoleId" FOREIGN KEY ("RoleId") REFERENCES "AspNetRoles" ("Id") ON DELETE CASCADE,
    CONSTRAINT "FK_AspNetUserRoles_AspNetUsers_UserId" FOREIGN KEY ("UserId") REFERENCES "AspNetUsers" ("Id") ON DELETE CASCADE
);
2024-11-05 01:40:53.661 +01:00 [INF] Executed DbCommand (0ms) [Parameters=[], CommandType='"Text"', CommandTimeout='30']
CREATE TABLE "AspNetUserTokens" (
    "UserId" TEXT NOT NULL,
    "LoginProvider" TEXT NOT NULL,
    "Name" TEXT NOT NULL,
    "Value" TEXT NULL,
    CONSTRAINT "PK_AspNetUserTokens" PRIMARY KEY ("UserId", "LoginProvider", "Name"),
    CONSTRAINT "FK_AspNetUserTokens_AspNetUsers_UserId" FOREIGN KEY ("UserId") REFERENCES "AspNetUsers" ("Id") ON DELETE CASCADE
);
2024-11-05 01:40:53.664 +01:00 [INF] Executed DbCommand (0ms) [Parameters=[], CommandType='"Text"', CommandTimeout='30']
CREATE TABLE "Collections" (
    "CollectionId" INTEGER NOT NULL CONSTRAINT "PK_Collections" PRIMARY KEY AUTOINCREMENT,
    "Name" TEXT NOT NULL,
    "UserId" TEXT NOT NULL,
    "CreatedAt" TEXT NULL,
    CONSTRAINT "FK_Collections_AspNetUsers_UserId" FOREIGN KEY ("UserId") REFERENCES "AspNetUsers" ("Id") ON DELETE CASCADE
);
2024-11-05 01:40:53.668 +01:00 [INF] Executed DbCommand (0ms) [Parameters=[], CommandType='"Text"', CommandTimeout='30']
CREATE TABLE "Products" (
    "ProductId" INTEGER NOT NULL CONSTRAINT "PK_Products" PRIMARY KEY AUTOINCREMENT,
    "Name" TEXT NOT NULL,
    "Energy" REAL NOT NULL,
    "Fat" REAL NOT NULL,
    "Carbohydrates" REAL NOT NULL,
    "Protein" REAL NOT NULL,
    "Description" TEXT NULL,
    "ImageUrl" TEXT NULL,
    "UserId" TEXT NOT NULL,
    "CategoryId" INTEGER NOT NULL,
    "CreatedAt" TEXT NULL,
    "CollectionId" INTEGER NULL,
    CONSTRAINT "FK_Products_AspNetUsers_UserId" FOREIGN KEY ("UserId") REFERENCES "AspNetUsers" ("Id") ON DELETE CASCADE,
    CONSTRAINT "FK_Products_Categories_CategoryId" FOREIGN KEY ("CategoryId") REFERENCES "Categories" ("CategoryId") ON DELETE CASCADE,
    CONSTRAINT "FK_Products_Collections_CollectionId" FOREIGN KEY ("CollectionId") REFERENCES "Collections" ("CollectionId")
);
2024-11-05 01:40:53.671 +01:00 [INF] Executed DbCommand (0ms) [Parameters=[], CommandType='"Text"', CommandTimeout='30']
CREATE TABLE "AllergyProducts" (
    "AllergyProductId" INTEGER NOT NULL CONSTRAINT "PK_AllergyProducts" PRIMARY KEY AUTOINCREMENT,
    "ProductId" INTEGER NOT NULL,
    "AllergyCode" INTEGER NOT NULL,
    CONSTRAINT "FK_AllergyProducts_Allergies_AllergyCode" FOREIGN KEY ("AllergyCode") REFERENCES "Allergies" ("AllergyCode") ON DELETE CASCADE,
    CONSTRAINT "FK_AllergyProducts_Products_ProductId" FOREIGN KEY ("ProductId") REFERENCES "Products" ("ProductId") ON DELETE CASCADE
);
2024-11-05 01:40:53.676 +01:00 [INF] Executed DbCommand (0ms) [Parameters=[], CommandType='"Text"', CommandTimeout='30']
CREATE TABLE "Reviews" (
    "ReviewId" INTEGER NOT NULL CONSTRAINT "PK_Reviews" PRIMARY KEY AUTOINCREMENT,
    "UserId" TEXT NOT NULL,
    "ProductId" INTEGER NOT NULL,
    "Rating" TEXT NOT NULL,
    "Comment" TEXT NULL,
    "CreatedAt" TEXT NULL,
    CONSTRAINT "FK_Reviews_AspNetUsers_UserId" FOREIGN KEY ("UserId") REFERENCES "AspNetUsers" ("Id") ON DELETE CASCADE,
    CONSTRAINT "FK_Reviews_Products_ProductId" FOREIGN KEY ("ProductId") REFERENCES "Products" ("ProductId") ON DELETE CASCADE
);
2024-11-05 01:40:53.680 +01:00 [INF] Executed DbCommand (0ms) [Parameters=[], CommandType='"Text"', CommandTimeout='30']
CREATE INDEX "IX_AllergyProducts_AllergyCode" ON "AllergyProducts" ("AllergyCode");
2024-11-05 01:40:53.683 +01:00 [INF] Executed DbCommand (0ms) [Parameters=[], CommandType='"Text"', CommandTimeout='30']
CREATE INDEX "IX_AllergyProducts_ProductId" ON "AllergyProducts" ("ProductId");
2024-11-05 01:40:53.686 +01:00 [INF] Executed DbCommand (0ms) [Parameters=[], CommandType='"Text"', CommandTimeout='30']
CREATE INDEX "IX_AspNetRoleClaims_RoleId" ON "AspNetRoleClaims" ("RoleId");
2024-11-05 01:40:53.691 +01:00 [INF] Executed DbCommand (0ms) [Parameters=[], CommandType='"Text"', CommandTimeout='30']
CREATE UNIQUE INDEX "RoleNameIndex" ON "AspNetRoles" ("NormalizedName");
2024-11-05 01:40:53.694 +01:00 [INF] Executed DbCommand (0ms) [Parameters=[], CommandType='"Text"', CommandTimeout='30']
CREATE INDEX "IX_AspNetUserClaims_UserId" ON "AspNetUserClaims" ("UserId");
2024-11-05 01:40:53.697 +01:00 [INF] Executed DbCommand (0ms) [Parameters=[], CommandType='"Text"', CommandTimeout='30']
CREATE INDEX "IX_AspNetUserLogins_UserId" ON "AspNetUserLogins" ("UserId");
2024-11-05 01:40:53.700 +01:00 [INF] Executed DbCommand (0ms) [Parameters=[], CommandType='"Text"', CommandTimeout='30']
CREATE INDEX "IX_AspNetUserRoles_RoleId" ON "AspNetUserRoles" ("RoleId");
2024-11-05 01:40:53.703 +01:00 [INF] Executed DbCommand (0ms) [Parameters=[], CommandType='"Text"', CommandTimeout='30']
CREATE INDEX "EmailIndex" ON "AspNetUsers" ("NormalizedEmail");
2024-11-05 01:40:53.707 +01:00 [INF] Executed DbCommand (0ms) [Parameters=[], CommandType='"Text"', CommandTimeout='30']
CREATE UNIQUE INDEX "UserNameIndex" ON "AspNetUsers" ("NormalizedUserName");
2024-11-05 01:40:53.711 +01:00 [INF] Executed DbCommand (0ms) [Parameters=[], CommandType='"Text"', CommandTimeout='30']
CREATE INDEX "IX_Collections_UserId" ON "Collections" ("UserId");
2024-11-05 01:40:53.715 +01:00 [INF] Executed DbCommand (1ms) [Parameters=[], CommandType='"Text"', CommandTimeout='30']
CREATE INDEX "IX_Products_CategoryId" ON "Products" ("CategoryId");
2024-11-05 01:40:53.777 +01:00 [INF] Executed DbCommand (0ms) [Parameters=[], CommandType='"Text"', CommandTimeout='30']
CREATE INDEX "IX_Products_CollectionId" ON "Products" ("CollectionId");
2024-11-05 01:40:53.835 +01:00 [INF] Executed DbCommand (0ms) [Parameters=[], CommandType='"Text"', CommandTimeout='30']
CREATE INDEX "IX_Products_UserId" ON "Products" ("UserId");
2024-11-05 01:40:53.880 +01:00 [INF] Executed DbCommand (0ms) [Parameters=[], CommandType='"Text"', CommandTimeout='30']
CREATE INDEX "IX_Reviews_ProductId" ON "Reviews" ("ProductId");
2024-11-05 01:40:53.885 +01:00 [INF] Executed DbCommand (0ms) [Parameters=[], CommandType='"Text"', CommandTimeout='30']
CREATE INDEX "IX_Reviews_UserId" ON "Reviews" ("UserId");
2024-11-05 01:40:54.413 +01:00 [INF] Executed DbCommand (5ms) [Parameters=[@__normalizedName_0='?' (Size = 5)], CommandType='"Text"', CommandTimeout='30']
SELECT "a"."Id", "a"."ConcurrencyStamp", "a"."Name", "a"."NormalizedName"
FROM "AspNetRoles" AS "a"
WHERE "a"."NormalizedName" = @__normalizedName_0
LIMIT 1
2024-11-05 01:40:54.436 +01:00 [INF] Executed DbCommand (0ms) [Parameters=[@__normalizedName_0='?' (Size = 5)], CommandType='"Text"', CommandTimeout='30']
SELECT "a"."Id", "a"."ConcurrencyStamp", "a"."Name", "a"."NormalizedName"
FROM "AspNetRoles" AS "a"
WHERE "a"."NormalizedName" = @__normalizedName_0
LIMIT 1
2024-11-05 01:40:54.594 +01:00 [INF] Executed DbCommand (1ms) [Parameters=[@p0='?' (Size = 36), @p1='?', @p2='?' (Size = 5), @p3='?' (Size = 5)], CommandType='"Text"', CommandTimeout='30']
INSERT INTO "AspNetRoles" ("Id", "ConcurrencyStamp", "Name", "NormalizedName")
VALUES (@p0, @p1, @p2, @p3);
2024-11-05 01:40:54.604 +01:00 [INF] Executed DbCommand (0ms) [Parameters=[@__normalizedName_0='?' (Size = 8)], CommandType='"Text"', CommandTimeout='30']
SELECT "a"."Id", "a"."ConcurrencyStamp", "a"."Name", "a"."NormalizedName"
FROM "AspNetRoles" AS "a"
WHERE "a"."NormalizedName" = @__normalizedName_0
LIMIT 1
2024-11-05 01:40:54.608 +01:00 [INF] Executed DbCommand (0ms) [Parameters=[@__normalizedName_0='?' (Size = 8)], CommandType='"Text"', CommandTimeout='30']
SELECT "a"."Id", "a"."ConcurrencyStamp", "a"."Name", "a"."NormalizedName"
FROM "AspNetRoles" AS "a"
WHERE "a"."NormalizedName" = @__normalizedName_0
LIMIT 1
2024-11-05 01:40:54.615 +01:00 [INF] Executed DbCommand (1ms) [Parameters=[@p0='?' (Size = 36), @p1='?', @p2='?' (Size = 8), @p3='?' (Size = 8)], CommandType='"Text"', CommandTimeout='30']
INSERT INTO "AspNetRoles" ("Id", "ConcurrencyStamp", "Name", "NormalizedName")
VALUES (@p0, @p1, @p2, @p3);
2024-11-05 01:40:54.619 +01:00 [INF] Executed DbCommand (0ms) [Parameters=[@__normalizedName_0='?' (Size = 4)], CommandType='"Text"', CommandTimeout='30']
SELECT "a"."Id", "a"."ConcurrencyStamp", "a"."Name", "a"."NormalizedName"
FROM "AspNetRoles" AS "a"
WHERE "a"."NormalizedName" = @__normalizedName_0
LIMIT 1
2024-11-05 01:40:54.622 +01:00 [INF] Executed DbCommand (0ms) [Parameters=[@__normalizedName_0='?' (Size = 4)], CommandType='"Text"', CommandTimeout='30']
SELECT "a"."Id", "a"."ConcurrencyStamp", "a"."Name", "a"."NormalizedName"
FROM "AspNetRoles" AS "a"
WHERE "a"."NormalizedName" = @__normalizedName_0
LIMIT 1
2024-11-05 01:40:54.626 +01:00 [INF] Executed DbCommand (0ms) [Parameters=[@p0='?' (Size = 36), @p1='?', @p2='?' (Size = 4), @p3='?' (Size = 4)], CommandType='"Text"', CommandTimeout='30']
INSERT INTO "AspNetRoles" ("Id", "ConcurrencyStamp", "Name", "NormalizedName")
VALUES (@p0, @p1, @p2, @p3);
2024-11-05 01:40:54.817 +01:00 [INF] Executed DbCommand (0ms) [Parameters=[@__normalizedEmail_0='?' (Size = 17)], CommandType='"Text"', CommandTimeout='30']
SELECT "a"."Id", "a"."AccessFailedCount", "a"."ApplicationUserID", "a"."ConcurrencyStamp", "a"."Email", "a"."EmailConfirmed", "a"."LockoutEnabled", "a"."LockoutEnd", "a"."Name", "a"."NormalizedEmail", "a"."NormalizedUserName", "a"."PasswordHash", "a"."PhoneNumber", "a"."PhoneNumberConfirmed", "a"."SecurityStamp", "a"."TwoFactorEnabled", "a"."UserName"
FROM "AspNetUsers" AS "a"
WHERE "a"."NormalizedEmail" = @__normalizedEmail_0
LIMIT 2
2024-11-05 01:40:54.939 +01:00 [INF] Executed DbCommand (0ms) [Parameters=[@__normalizedUserName_0='?' (Size = 17)], CommandType='"Text"', CommandTimeout='30']
SELECT "a"."Id", "a"."AccessFailedCount", "a"."ApplicationUserID", "a"."ConcurrencyStamp", "a"."Email", "a"."EmailConfirmed", "a"."LockoutEnabled", "a"."LockoutEnd", "a"."Name", "a"."NormalizedEmail", "a"."NormalizedUserName", "a"."PasswordHash", "a"."PhoneNumber", "a"."PhoneNumberConfirmed", "a"."SecurityStamp", "a"."TwoFactorEnabled", "a"."UserName"
FROM "AspNetUsers" AS "a"
WHERE "a"."NormalizedUserName" = @__normalizedUserName_0
LIMIT 1
2024-11-05 01:40:55.013 +01:00 [INF] Executed DbCommand (1ms) [Parameters=[@p0='?' (Size = 36), @p1='?' (DbType = Int32), @p2='?' (DbType = Int32), @p3='?' (Size = 36), @p4='?' (Size = 17), @p5='?' (DbType = Boolean), @p6='?' (DbType = Boolean), @p7='?' (DbType = DateTimeOffset), @p8='?' (Size = 5), @p9='?' (Size = 17), @p10='?' (Size = 17), @p11='?' (Size = 84), @p12='?', @p13='?' (DbType = Boolean), @p14='?' (Size = 32), @p15='?' (DbType = Boolean), @p16='?' (Size = 17)], CommandType='"Text"', CommandTimeout='30']
INSERT INTO "AspNetUsers" ("Id", "AccessFailedCount", "ApplicationUserID", "ConcurrencyStamp", "Email", "EmailConfirmed", "LockoutEnabled", "LockoutEnd", "Name", "NormalizedEmail", "NormalizedUserName", "PasswordHash", "PhoneNumber", "PhoneNumberConfirmed", "SecurityStamp", "TwoFactorEnabled", "UserName")
VALUES (@p0, @p1, @p2, @p3, @p4, @p5, @p6, @p7, @p8, @p9, @p10, @p11, @p12, @p13, @p14, @p15, @p16);
2024-11-05 01:40:55.024 +01:00 [INF] Executed DbCommand (0ms) [Parameters=[@__normalizedRoleName_0='?' (Size = 5)], CommandType='"Text"', CommandTimeout='30']
SELECT "a"."Id", "a"."ConcurrencyStamp", "a"."Name", "a"."NormalizedName"
FROM "AspNetRoles" AS "a"
WHERE "a"."NormalizedName" = @__normalizedRoleName_0
LIMIT 2
2024-11-05 01:40:55.076 +01:00 [INF] Executed DbCommand (0ms) [Parameters=[@__p_0='?' (Size = 36), @__p_1='?' (Size = 36)], CommandType='"Text"', CommandTimeout='30']
SELECT "a"."UserId", "a"."RoleId"
FROM "AspNetUserRoles" AS "a"
WHERE "a"."UserId" = @__p_0 AND "a"."RoleId" = @__p_1
LIMIT 1
2024-11-05 01:40:55.082 +01:00 [INF] Executed DbCommand (0ms) [Parameters=[@__normalizedRoleName_0='?' (Size = 5)], CommandType='"Text"', CommandTimeout='30']
SELECT "a"."Id", "a"."ConcurrencyStamp", "a"."Name", "a"."NormalizedName"
FROM "AspNetRoles" AS "a"
WHERE "a"."NormalizedName" = @__normalizedRoleName_0
LIMIT 2
2024-11-05 01:40:55.098 +01:00 [INF] Executed DbCommand (0ms) [Parameters=[@__normalizedUserName_0='?' (Size = 17)], CommandType='"Text"', CommandTimeout='30']
SELECT "a"."Id", "a"."AccessFailedCount", "a"."ApplicationUserID", "a"."ConcurrencyStamp", "a"."Email", "a"."EmailConfirmed", "a"."LockoutEnabled", "a"."LockoutEnd", "a"."Name", "a"."NormalizedEmail", "a"."NormalizedUserName", "a"."PasswordHash", "a"."PhoneNumber", "a"."PhoneNumberConfirmed", "a"."SecurityStamp", "a"."TwoFactorEnabled", "a"."UserName"
FROM "AspNetUsers" AS "a"
WHERE "a"."NormalizedUserName" = @__normalizedUserName_0
LIMIT 1
2024-11-05 01:40:55.115 +01:00 [INF] Executed DbCommand (0ms) [Parameters=[@p0='?' (Size = 36), @p1='?' (Size = 36)], CommandType='"Text"', CommandTimeout='30']
INSERT INTO "AspNetUserRoles" ("RoleId", "UserId")
VALUES (@p0, @p1);
2024-11-05 01:40:55.120 +01:00 [INF] Executed DbCommand (0ms) [Parameters=[@p16='?' (Size = 36), @p0='?' (DbType = Int32), @p1='?' (DbType = Int32), @p2='?' (Size = 36), @p17='?' (Size = 36), @p3='?' (Size = 17), @p4='?' (DbType = Boolean), @p5='?' (DbType = Boolean), @p6='?' (DbType = DateTimeOffset), @p7='?' (Size = 5), @p8='?' (Size = 17), @p9='?' (Size = 17), @p10='?' (Size = 84), @p11='?', @p12='?' (DbType = Boolean), @p13='?' (Size = 32), @p14='?' (DbType = Boolean), @p15='?' (Size = 17)], CommandType='"Text"', CommandTimeout='30']
UPDATE "AspNetUsers" SET "AccessFailedCount" = @p0, "ApplicationUserID" = @p1, "ConcurrencyStamp" = @p2, "Email" = @p3, "EmailConfirmed" = @p4, "LockoutEnabled" = @p5, "LockoutEnd" = @p6, "Name" = @p7, "NormalizedEmail" = @p8, "NormalizedUserName" = @p9, "PasswordHash" = @p10, "PhoneNumber" = @p11, "PhoneNumberConfirmed" = @p12, "SecurityStamp" = @p13, "TwoFactorEnabled" = @p14, "UserName" = @p15
WHERE "Id" = @p16 AND "ConcurrencyStamp" = @p17
RETURNING 1;
2024-11-05 01:40:55.141 +01:00 [INF] Executed DbCommand (0ms) [Parameters=[], CommandType='"Text"', CommandTimeout='30']
SELECT EXISTS (
    SELECT 1
    FROM "Allergies" AS "a")
2024-11-05 01:40:55.175 +01:00 [INF] Executed DbCommand (0ms) [Parameters=[@p0='?' (DbType = Int32), @p1='?' (Size = 6)], CommandType='"Text"', CommandTimeout='30']
INSERT INTO "Allergies" ("AllergyCode", "Name")
VALUES (@p0, @p1);
2024-11-05 01:40:55.178 +01:00 [INF] Executed DbCommand (0ms) [Parameters=[@p0='?' (DbType = Int32), @p1='?' (Size = 4)], CommandType='"Text"', CommandTimeout='30']
INSERT INTO "Allergies" ("AllergyCode", "Name")
VALUES (@p0, @p1);
2024-11-05 01:40:55.181 +01:00 [INF] Executed DbCommand (0ms) [Parameters=[@p0='?' (DbType = Int32), @p1='?' (Size = 3)], CommandType='"Text"', CommandTimeout='30']
INSERT INTO "Allergies" ("AllergyCode", "Name")
VALUES (@p0, @p1);
2024-11-05 01:40:55.184 +01:00 [INF] Executed DbCommand (0ms) [Parameters=[@p0='?' (DbType = Int32), @p1='?' (Size = 3)], CommandType='"Text"', CommandTimeout='30']
INSERT INTO "Allergies" ("AllergyCode", "Name")
VALUES (@p0, @p1);
2024-11-05 01:40:55.190 +01:00 [INF] Executed DbCommand (0ms) [Parameters=[], CommandType='"Text"', CommandTimeout='30']
SELECT EXISTS (
    SELECT 1
    FROM "Categories" AS "c")
2024-11-05 01:40:55.215 +01:00 [INF] Executed DbCommand (0ms) [Parameters=[@p0='?' (Size = 23)], CommandType='"Text"', CommandTimeout='30']
INSERT INTO "Categories" ("Name")
VALUES (@p0)
RETURNING "CategoryId";
2024-11-05 01:40:55.229 +01:00 [INF] Executed DbCommand (0ms) [Parameters=[@p0='?' (Size = 5)], CommandType='"Text"', CommandTimeout='30']
INSERT INTO "Categories" ("Name")
VALUES (@p0)
RETURNING "CategoryId";
2024-11-05 01:40:55.232 +01:00 [INF] Executed DbCommand (0ms) [Parameters=[@p0='?' (Size = 4)], CommandType='"Text"', CommandTimeout='30']
INSERT INTO "Categories" ("Name")
VALUES (@p0)
RETURNING "CategoryId";
2024-11-05 01:40:55.235 +01:00 [INF] Executed DbCommand (0ms) [Parameters=[@p0='?' (Size = 21)], CommandType='"Text"', CommandTimeout='30']
INSERT INTO "Categories" ("Name")
VALUES (@p0)
RETURNING "CategoryId";
2024-11-05 01:40:55.242 +01:00 [INF] Executed DbCommand (0ms) [Parameters=[], CommandType='"Text"', CommandTimeout='30']
SELECT EXISTS (
    SELECT 1
    FROM "Products" AS "p")
2024-11-05 01:40:55.307 +01:00 [INF] Executed DbCommand (1ms) [Parameters=[@p0='?' (DbType = Double), @p1='?' (DbType = Int32), @p2='?' (DbType = Int32), @p3='?' (DbType = DateTime), @p4='?' (Size = 4), @p5='?' (DbType = Double), @p6='?' (DbType = Double), @p7='?' (Size = 16), @p8='?' (Size = 4), @p9='?' (DbType = Double), @p10='?' (Size = 36)], CommandType='"Text"', CommandTimeout='30']
INSERT INTO "Products" ("Carbohydrates", "CategoryId", "CollectionId", "CreatedAt", "Description", "Energy", "Fat", "ImageUrl", "Name", "Protein", "UserId")
VALUES (@p0, @p1, @p2, @p3, @p4, @p5, @p6, @p7, @p8, @p9, @p10)
RETURNING "ProductId";
2024-11-05 01:40:55.312 +01:00 [INF] Executed DbCommand (0ms) [Parameters=[@p0='?' (DbType = Double), @p1='?' (DbType = Int32), @p2='?' (DbType = Int32), @p3='?' (DbType = DateTime), @p4='?' (Size = 4), @p5='?' (DbType = Double), @p6='?' (DbType = Double), @p7='?' (Size = 16), @p8='?' (Size = 5), @p9='?' (DbType = Double), @p10='?' (Size = 36)], CommandType='"Text"', CommandTimeout='30']
INSERT INTO "Products" ("Carbohydrates", "CategoryId", "CollectionId", "CreatedAt", "Description", "Energy", "Fat", "ImageUrl", "Name", "Protein", "UserId")
VALUES (@p0, @p1, @p2, @p3, @p4, @p5, @p6, @p7, @p8, @p9, @p10)
RETURNING "ProductId";
2024-11-05 01:40:55.315 +01:00 [INF] Executed DbCommand (0ms) [Parameters=[@p0='?' (DbType = Double), @p1='?' (DbType = Int32), @p2='?' (DbType = Int32), @p3='?' (DbType = DateTime), @p4='?' (Size = 4), @p5='?' (DbType = Double), @p6='?' (DbType = Double), @p7='?' (Size = 16), @p8='?' (Size = 5), @p9='?' (DbType = Double), @p10='?' (Size = 36)], CommandType='"Text"', CommandTimeout='30']
INSERT INTO "Products" ("Carbohydrates", "CategoryId", "CollectionId", "CreatedAt", "Description", "Energy", "Fat", "ImageUrl", "Name", "Protein", "UserId")
VALUES (@p0, @p1, @p2, @p3, @p4, @p5, @p6, @p7, @p8, @p9, @p10)
RETURNING "ProductId";
2024-11-05 01:40:55.318 +01:00 [INF] Executed DbCommand (0ms) [Parameters=[@p0='?' (DbType = Double), @p1='?' (DbType = Int32), @p2='?' (DbType = Int32), @p3='?' (DbType = DateTime), @p4='?' (Size = 16), @p5='?' (DbType = Double), @p6='?' (DbType = Double), @p7='?' (Size = 16), @p8='?' (Size = 4), @p9='?' (DbType = Double), @p10='?' (Size = 36)], CommandType='"Text"', CommandTimeout='30']
INSERT INTO "Products" ("Carbohydrates", "CategoryId", "CollectionId", "CreatedAt", "Description", "Energy", "Fat", "ImageUrl", "Name", "Protein", "UserId")
VALUES (@p0, @p1, @p2, @p3, @p4, @p5, @p6, @p7, @p8, @p9, @p10)
RETURNING "ProductId";
2024-11-05 01:40:55.324 +01:00 [INF] Executed DbCommand (0ms) [Parameters=[], CommandType='"Text"', CommandTimeout='30']
SELECT EXISTS (
    SELECT 1
    FROM "AllergyProducts" AS "a")
2024-11-05 01:40:55.340 +01:00 [INF] Executed DbCommand (0ms) [Parameters=[@p0='?' (DbType = Int32), @p1='?' (DbType = Int32)], CommandType='"Text"', CommandTimeout='30']
INSERT INTO "AllergyProducts" ("AllergyCode", "ProductId")
VALUES (@p0, @p1)
RETURNING "AllergyProductId";
2024-11-05 01:40:55.346 +01:00 [INF] Executed DbCommand (0ms) [Parameters=[@p0='?' (DbType = Int32), @p1='?' (DbType = Int32)], CommandType='"Text"', CommandTimeout='30']
INSERT INTO "AllergyProducts" ("AllergyCode", "ProductId")
VALUES (@p0, @p1)
RETURNING "AllergyProductId";
2024-11-05 01:40:55.351 +01:00 [INF] Executed DbCommand (0ms) [Parameters=[], CommandType='"Text"', CommandTimeout='30']
SELECT EXISTS (
    SELECT 1
    FROM "Reviews" AS "r")
2024-11-05 01:40:55.382 +01:00 [INF] Executed DbCommand (0ms) [Parameters=[@p0='?' (Size = 7), @p1='?' (DbType = DateTime), @p2='?' (DbType = Int32), @p3='?' (DbType = Decimal), @p4='?' (Size = 36)], CommandType='"Text"', CommandTimeout='30']
INSERT INTO "Reviews" ("Comment", "CreatedAt", "ProductId", "Rating", "UserId")
VALUES (@p0, @p1, @p2, @p3, @p4)
RETURNING "ReviewId";
2024-11-05 01:40:55.387 +01:00 [INF] Executed DbCommand (0ms) [Parameters=[@p0='?' (Size = 6), @p1='?' (DbType = DateTime), @p2='?' (DbType = Int32), @p3='?' (DbType = Decimal), @p4='?' (Size = 36)], CommandType='"Text"', CommandTimeout='30']
INSERT INTO "Reviews" ("Comment", "CreatedAt", "ProductId", "Rating", "UserId")
VALUES (@p0, @p1, @p2, @p3, @p4)
RETURNING "ReviewId";
2024-11-05 01:40:55.394 +01:00 [INF] Executed DbCommand (0ms) [Parameters=[], CommandType='"Text"', CommandTimeout='30']
SELECT EXISTS (
    SELECT 1
    FROM "Collections" AS "c")
2024-11-05 01:40:55.415 +01:00 [INF] Executed DbCommand (0ms) [Parameters=[@p0='?' (DbType = DateTime), @p1='?' (Size = 5), @p2='?' (Size = 36)], CommandType='"Text"', CommandTimeout='30']
INSERT INTO "Collections" ("CreatedAt", "Name", "UserId")
VALUES (@p0, @p1, @p2)
RETURNING "CollectionId";
2024-11-05 01:40:55.420 +01:00 [INF] Executed DbCommand (0ms) [Parameters=[@p0='?' (DbType = DateTime), @p1='?' (Size = 4), @p2='?' (Size = 36)], CommandType='"Text"', CommandTimeout='30']
INSERT INTO "Collections" ("CreatedAt", "Name", "UserId")
VALUES (@p0, @p1, @p2)
RETURNING "CollectionId";
2024-11-05 01:40:55.847 +01:00 [INF] Now listening on: http://localhost:5001
2024-11-05 01:40:55.857 +01:00 [INF] Application started. Press Ctrl+C to shut down.
2024-11-05 01:40:55.861 +01:00 [INF] Hosting environment: Development
2024-11-05 01:40:55.864 +01:00 [INF] Content root path: /Users/ange-claranyatchaptched/Desktop/webapp_sub1/mvc
2024-11-05 01:40:57.284 +01:00 [INF] Request starting HTTP/1.1 GET http://localhost:5001/ - null null
2024-11-05 01:40:57.298 +01:00 [WRN] Failed to determine the https port for redirect.
2024-11-05 01:40:57.710 +01:00 [INF] Executing endpoint 'mvc.Controllers.HomeController.Index (mvc)'
2024-11-05 01:40:57.762 +01:00 [INF] Route matched with {action = "Index", controller = "Home", page = "", area = ""}. Executing controller action with signature Microsoft.AspNetCore.Mvc.IActionResult Index() on controller mvc.Controllers.HomeController (mvc).
2024-11-05 01:40:57.787 +01:00 [INF] Executing ViewResult, running view Index.
2024-11-05 01:40:58.250 +01:00 [INF] Executed ViewResult - view Index executed in 406.05ms.
2024-11-05 01:40:58.274 +01:00 [INF] Executed action mvc.Controllers.HomeController.Index (mvc) in 503.3617ms
2024-11-05 01:40:58.275 +01:00 [INF] Executed endpoint 'mvc.Controllers.HomeController.Index (mvc)'
2024-11-05 01:40:58.297 +01:00 [INF] Request finished HTTP/1.1 GET http://localhost:5001/ - 200 null text/html; charset=utf-8 1016.3689ms
2024-11-05 01:40:58.748 +01:00 [INF] Request starting HTTP/1.1 GET http://localhost:5001/lib/bootstrap/dist/css/bootstrap.min.css - null null
2024-11-05 01:40:58.770 +01:00 [INF] Request starting HTTP/1.1 GET http://localhost:5001/mvc.styles.css?v=9WMH-ztiZG2ldIJmvseFUl6FICoirZnWX_YHiVMXQBE - null null
2024-11-05 01:40:58.749 +01:00 [INF] Request starting HTTP/1.1 GET http://localhost:5001/css/site.css?v=pAGv4ietcJNk_EwsQZ5BN9-K4MuNYS2a9wl4Jw-q9D0 - null null
2024-11-05 01:40:58.822 +01:00 [INF] Request starting HTTP/1.1 GET http://localhost:5001/lib/jquery/dist/jquery.min.js - null null
2024-11-05 01:40:58.893 +01:00 [INF] Request starting HTTP/1.1 GET http://localhost:5001/js/site.js?v=hRQyftXiu1lLX2P9Ly9xa4gHJgLeR1uGN5qegUobtGo - null null
2024-11-05 01:40:58.893 +01:00 [INF] Request starting HTTP/1.1 GET http://localhost:5001/lib/bootstrap/dist/js/bootstrap.bundle.min.js - null null
2024-11-05 01:40:59.019 +01:00 [INF] Sending file. Request path: '/css/site.css'. Physical path: '/Users/ange-claranyatchaptched/Desktop/webapp_sub1/mvc/wwwroot/css/site.css'
2024-11-05 01:40:59.019 +01:00 [INF] Sending file. Request path: '/mvc.styles.css'. Physical path: '/Users/ange-claranyatchaptched/Desktop/webapp_sub1/mvc/obj/Debug/net8.0/scopedcss/bundle/mvc.styles.css'
2024-11-05 01:40:59.021 +01:00 [INF] Request finished HTTP/1.1 GET http://localhost:5001/mvc.styles.css?v=9WMH-ztiZG2ldIJmvseFUl6FICoirZnWX_YHiVMXQBE - 200 1072 text/css 250.5106ms
2024-11-05 01:40:59.021 +01:00 [INF] Request finished HTTP/1.1 GET http://localhost:5001/css/site.css?v=pAGv4ietcJNk_EwsQZ5BN9-K4MuNYS2a9wl4Jw-q9D0 - 200 362 text/css 271.04ms
2024-11-05 01:40:59.047 +01:00 [INF] Sending file. Request path: '/js/site.js'. Physical path: '/Users/ange-claranyatchaptched/Desktop/webapp_sub1/mvc/wwwroot/js/site.js'
2024-11-05 01:40:59.069 +01:00 [INF] Request finished HTTP/1.1 GET http://localhost:5001/js/site.js?v=hRQyftXiu1lLX2P9Ly9xa4gHJgLeR1uGN5qegUobtGo - 200 231 text/javascript 176.1187ms
2024-11-05 01:40:59.115 +01:00 [INF] Sending file. Request path: '/lib/bootstrap/dist/js/bootstrap.bundle.min.js'. Physical path: '/Users/ange-claranyatchaptched/Desktop/webapp_sub1/mvc/wwwroot/lib/bootstrap/dist/js/bootstrap.bundle.min.js'
2024-11-05 01:40:59.115 +01:00 [INF] Sending file. Request path: '/lib/jquery/dist/jquery.min.js'. Physical path: '/Users/ange-claranyatchaptched/Desktop/webapp_sub1/mvc/wwwroot/lib/jquery/dist/jquery.min.js'
2024-11-05 01:40:59.115 +01:00 [INF] Request finished HTTP/1.1 GET http://localhost:5001/lib/bootstrap/dist/js/bootstrap.bundle.min.js - 200 78468 text/javascript 222.459ms
2024-11-05 01:40:59.115 +01:00 [INF] Request finished HTTP/1.1 GET http://localhost:5001/lib/jquery/dist/jquery.min.js - 200 89501 text/javascript 317.6899ms
2024-11-05 01:40:59.118 +01:00 [INF] Sending file. Request path: '/lib/bootstrap/dist/css/bootstrap.min.css'. Physical path: '/Users/ange-claranyatchaptched/Desktop/webapp_sub1/mvc/wwwroot/lib/bootstrap/dist/css/bootstrap.min.css'
2024-11-05 01:40:59.118 +01:00 [INF] Request finished HTTP/1.1 GET http://localhost:5001/lib/bootstrap/dist/css/bootstrap.min.css - 200 162720 text/css 376.6877ms
2024-11-05 01:41:00.315 +01:00 [INF] Request starting HTTP/1.1 GET http://localhost:5001/favicon.ico - null null
2024-11-05 01:41:00.353 +01:00 [INF] Sending file. Request path: '/favicon.ico'. Physical path: '/Users/ange-claranyatchaptched/Desktop/webapp_sub1/mvc/wwwroot/favicon.ico'
2024-11-05 01:41:00.353 +01:00 [INF] Request finished HTTP/1.1 GET http://localhost:5001/favicon.ico - 200 5430 image/x-icon 38.6214ms
2024-11-05 01:41:01.768 +01:00 [INF] Request starting HTTP/1.1 GET http://localhost:5001/ - null null
2024-11-05 01:41:01.776 +01:00 [INF] Executing endpoint 'mvc.Controllers.HomeController.Index (mvc)'
2024-11-05 01:41:01.777 +01:00 [INF] Route matched with {action = "Index", controller = "Home", page = "", area = ""}. Executing controller action with signature Microsoft.AspNetCore.Mvc.IActionResult Index() on controller mvc.Controllers.HomeController (mvc).
2024-11-05 01:41:01.780 +01:00 [INF] Executing ViewResult, running view Index.
2024-11-05 01:41:01.784 +01:00 [INF] Executed ViewResult - view Index executed in 6.1799ms.
2024-11-05 01:41:01.784 +01:00 [INF] Executed action mvc.Controllers.HomeController.Index (mvc) in 7.016ms
2024-11-05 01:41:01.784 +01:00 [INF] Executed endpoint 'mvc.Controllers.HomeController.Index (mvc)'
2024-11-05 01:41:01.792 +01:00 [INF] Request finished HTTP/1.1 GET http://localhost:5001/ - 200 null text/html; charset=utf-8 23.1348ms
2024-11-05 01:41:02.792 +01:00 [INF] Request starting HTTP/1.1 GET http://localhost:5001/Product - null null
2024-11-05 01:41:02.799 +01:00 [INF] Executing endpoint 'mvc.Controllers.ProductController.Index (mvc)'
2024-11-05 01:41:02.810 +01:00 [INF] Route matched with {action = "Index", controller = "Product", page = "", area = ""}. Executing controller action with signature System.Threading.Tasks.Task`1[Microsoft.AspNetCore.Mvc.IActionResult] Index() on controller mvc.Controllers.ProductController (mvc).
2024-11-05 01:41:02.926 +01:00 [INF] Executed DbCommand (0ms) [Parameters=[], CommandType='"Text"', CommandTimeout='30']
SELECT "p"."ProductId", "p"."Carbohydrates", "p"."CategoryId", "p"."CollectionId", "p"."CreatedAt", "p"."Description", "p"."Energy", "p"."Fat", "p"."ImageUrl", "p"."Name", "p"."Protein", "p"."UserId"
FROM "Products" AS "p"
2024-11-05 01:41:02.939 +01:00 [INF] Executing ViewResult, running view Index.
2024-11-05 01:41:02.947 +01:00 [ERR] The view 'Index' was not found. Searched locations: ["/Views/Product/Index.cshtml","/Views/Shared/Index.cshtml","/Pages/Shared/Index.cshtml"]
2024-11-05 01:41:02.955 +01:00 [INF] Executed action mvc.Controllers.ProductController.Index (mvc) in 144.5413ms
2024-11-05 01:41:02.956 +01:00 [INF] Executed endpoint 'mvc.Controllers.ProductController.Index (mvc)'
2024-11-05 01:41:03.012 +01:00 [ERR] An unhandled exception has occurred while executing the request.
System.InvalidOperationException: The view 'Index' was not found. The following locations were searched:
/Views/Product/Index.cshtml
/Views/Shared/Index.cshtml
/Pages/Shared/Index.cshtml
   at Microsoft.AspNetCore.Mvc.ViewEngines.ViewEngineResult.EnsureSuccessful(IEnumerable`1 originalLocations)
   at Microsoft.AspNetCore.Mvc.ViewFeatures.ViewResultExecutor.ExecuteAsync(ActionContext context, ViewResult result)
   at Microsoft.AspNetCore.Mvc.ViewResult.ExecuteResultAsync(ActionContext context)
   at Microsoft.AspNetCore.Mvc.Infrastructure.ResourceInvoker.<InvokeNextResultFilterAsync>g__Awaited|30_0[TFilter,TFilterAsync](ResourceInvoker invoker, Task lastTask, State next, Scope scope, Object state, Boolean isCompleted)
   at Microsoft.AspNetCore.Mvc.Infrastructure.ResourceInvoker.Rethrow(ResultExecutedContextSealed context)
   at Microsoft.AspNetCore.Mvc.Infrastructure.ResourceInvoker.ResultNext[TFilter,TFilterAsync](State& next, Scope& scope, Object& state, Boolean& isCompleted)
   at Microsoft.AspNetCore.Mvc.Infrastructure.ResourceInvoker.InvokeResultFilters()
--- End of stack trace from previous location ---
   at Microsoft.AspNetCore.Mvc.Infrastructure.ResourceInvoker.<InvokeNextResourceFilter>g__Awaited|25_0(ResourceInvoker invoker, Task lastTask, State next, Scope scope, Object state, Boolean isCompleted)
   at Microsoft.AspNetCore.Mvc.Infrastructure.ResourceInvoker.Rethrow(ResourceExecutedContextSealed context)
   at Microsoft.AspNetCore.Mvc.Infrastructure.ResourceInvoker.Next(State& next, Scope& scope, Object& state, Boolean& isCompleted)
   at Microsoft.AspNetCore.Mvc.Infrastructure.ResourceInvoker.InvokeFilterPipelineAsync()
--- End of stack trace from previous location ---
   at Microsoft.AspNetCore.Mvc.Infrastructure.ResourceInvoker.<InvokeAsync>g__Logged|17_1(ResourceInvoker invoker)
   at Microsoft.AspNetCore.Mvc.Infrastructure.ResourceInvoker.<InvokeAsync>g__Logged|17_1(ResourceInvoker invoker)
   at Microsoft.AspNetCore.Routing.EndpointMiddleware.<Invoke>g__AwaitRequestTask|7_0(Endpoint endpoint, Task requestTask, ILogger logger)
   at Microsoft.AspNetCore.Authorization.AuthorizationMiddleware.Invoke(HttpContext context)
   at Microsoft.AspNetCore.Authentication.AuthenticationMiddleware.Invoke(HttpContext context)
   at Microsoft.AspNetCore.Diagnostics.DeveloperExceptionPageMiddlewareImpl.Invoke(HttpContext context)
2024-11-05 01:41:03.050 +01:00 [INF] Request finished HTTP/1.1 GET http://localhost:5001/Product - 500 null text/html; charset=utf-8 258.3539ms
