2024-11-05 11:54:23.742 +01:00 [INF] User profile is available. Using '/Users/ange-claranyatchaptched/.aspnet/DataProtection-Keys' as key repository; keys will not be encrypted at rest.
2024-11-05 11:54:25.097 +01:00 [INF] Executed DbCommand (22ms) [Parameters=[], CommandType='"Text"', CommandTimeout='30']
PRAGMA journal_mode = 'wal';
2024-11-05 11:54:25.356 +01:00 [INF] Executed DbCommand (0ms) [Parameters=[], CommandType='"Text"', CommandTimeout='30']
CREATE TABLE "Allergies" (
    "AllergyCode" INTEGER NOT NULL CONSTRAINT "PK_Allergies" PRIMARY KEY AUTOINCREMENT,
    "Name" TEXT NOT NULL
);
2024-11-05 11:54:25.362 +01:00 [INF] Executed DbCommand (0ms) [Parameters=[], CommandType='"Text"', CommandTimeout='30']
CREATE TABLE "AspNetRoles" (
    "Id" TEXT NOT NULL CONSTRAINT "PK_AspNetRoles" PRIMARY KEY,
    "Name" TEXT NULL,
    "NormalizedName" TEXT NULL,
    "ConcurrencyStamp" TEXT NULL
);
2024-11-05 11:54:25.367 +01:00 [INF] Executed DbCommand (0ms) [Parameters=[], CommandType='"Text"', CommandTimeout='30']
CREATE TABLE "AspNetUsers" (
    "Id" TEXT NOT NULL CONSTRAINT "PK_AspNetUsers" PRIMARY KEY,
    "ApplicationUserID" INTEGER NOT NULL,
    "Name" TEXT NOT NULL,
    "UserName" TEXT NULL,
    "NormalizedUserName" TEXT NULL,
    "Email" TEXT NULL,
    "NormalizedEmail" TEXT NULL,
    "EmailConfirmed" INTEGER NOT NULL,
    "PasswordHash" TEXT NULL,
    "SecurityStamp" TEXT NULL,
    "ConcurrencyStamp" TEXT NULL,
    "PhoneNumber" TEXT NULL,
    "PhoneNumberConfirmed" INTEGER NOT NULL,
    "TwoFactorEnabled" INTEGER NOT NULL,
    "LockoutEnd" TEXT NULL,
    "LockoutEnabled" INTEGER NOT NULL,
    "AccessFailedCount" INTEGER NOT NULL
);
2024-11-05 11:54:25.370 +01:00 [INF] Executed DbCommand (0ms) [Parameters=[], CommandType='"Text"', CommandTimeout='30']
CREATE TABLE "Categories" (
    "CategoryId" INTEGER NOT NULL CONSTRAINT "PK_Categories" PRIMARY KEY AUTOINCREMENT,
    "Name" TEXT NOT NULL
);
2024-11-05 11:54:25.374 +01:00 [INF] Executed DbCommand (0ms) [Parameters=[], CommandType='"Text"', CommandTimeout='30']
CREATE TABLE "AspNetRoleClaims" (
    "Id" INTEGER NOT NULL CONSTRAINT "PK_AspNetRoleClaims" PRIMARY KEY AUTOINCREMENT,
    "RoleId" TEXT NOT NULL,
    "ClaimType" TEXT NULL,
    "ClaimValue" TEXT NULL,
    CONSTRAINT "FK_AspNetRoleClaims_AspNetRoles_RoleId" FOREIGN KEY ("RoleId") REFERENCES "AspNetRoles" ("Id") ON DELETE CASCADE
);
2024-11-05 11:54:25.377 +01:00 [INF] Executed DbCommand (0ms) [Parameters=[], CommandType='"Text"', CommandTimeout='30']
CREATE TABLE "AspNetUserClaims" (
    "Id" INTEGER NOT NULL CONSTRAINT "PK_AspNetUserClaims" PRIMARY KEY AUTOINCREMENT,
    "UserId" TEXT NOT NULL,
    "ClaimType" TEXT NULL,
    "ClaimValue" TEXT NULL,
    CONSTRAINT "FK_AspNetUserClaims_AspNetUsers_UserId" FOREIGN KEY ("UserId") REFERENCES "AspNetUsers" ("Id") ON DELETE CASCADE
);
2024-11-05 11:54:25.380 +01:00 [INF] Executed DbCommand (0ms) [Parameters=[], CommandType='"Text"', CommandTimeout='30']
CREATE TABLE "AspNetUserLogins" (
    "LoginProvider" TEXT NOT NULL,
    "ProviderKey" TEXT NOT NULL,
    "ProviderDisplayName" TEXT NULL,
    "UserId" TEXT NOT NULL,
    CONSTRAINT "PK_AspNetUserLogins" PRIMARY KEY ("LoginProvider", "ProviderKey"),
    CONSTRAINT "FK_AspNetUserLogins_AspNetUsers_UserId" FOREIGN KEY ("UserId") REFERENCES "AspNetUsers" ("Id") ON DELETE CASCADE
);
2024-11-05 11:54:25.383 +01:00 [INF] Executed DbCommand (0ms) [Parameters=[], CommandType='"Text"', CommandTimeout='30']
CREATE TABLE "AspNetUserRoles" (
    "UserId" TEXT NOT NULL,
    "RoleId" TEXT NOT NULL,
    CONSTRAINT "PK_AspNetUserRoles" PRIMARY KEY ("UserId", "RoleId"),
    CONSTRAINT "FK_AspNetUserRoles_AspNetRoles_RoleId" FOREIGN KEY ("RoleId") REFERENCES "AspNetRoles" ("Id") ON DELETE CASCADE,
    CONSTRAINT "FK_AspNetUserRoles_AspNetUsers_UserId" FOREIGN KEY ("UserId") REFERENCES "AspNetUsers" ("Id") ON DELETE CASCADE
);
2024-11-05 11:54:25.387 +01:00 [INF] Executed DbCommand (0ms) [Parameters=[], CommandType='"Text"', CommandTimeout='30']
CREATE TABLE "AspNetUserTokens" (
    "UserId" TEXT NOT NULL,
    "LoginProvider" TEXT NOT NULL,
    "Name" TEXT NOT NULL,
    "Value" TEXT NULL,
    CONSTRAINT "PK_AspNetUserTokens" PRIMARY KEY ("UserId", "LoginProvider", "Name"),
    CONSTRAINT "FK_AspNetUserTokens_AspNetUsers_UserId" FOREIGN KEY ("UserId") REFERENCES "AspNetUsers" ("Id") ON DELETE CASCADE
);
2024-11-05 11:54:25.394 +01:00 [INF] Executed DbCommand (0ms) [Parameters=[], CommandType='"Text"', CommandTimeout='30']
CREATE TABLE "Collections" (
    "CollectionId" INTEGER NOT NULL CONSTRAINT "PK_Collections" PRIMARY KEY AUTOINCREMENT,
    "Name" TEXT NOT NULL,
    "UserId" TEXT NOT NULL,
    "CreatedAt" TEXT NULL,
    CONSTRAINT "FK_Collections_AspNetUsers_UserId" FOREIGN KEY ("UserId") REFERENCES "AspNetUsers" ("Id") ON DELETE CASCADE
);
2024-11-05 11:54:25.399 +01:00 [INF] Executed DbCommand (0ms) [Parameters=[], CommandType='"Text"', CommandTimeout='30']
CREATE TABLE "Products" (
    "ProductId" INTEGER NOT NULL CONSTRAINT "PK_Products" PRIMARY KEY AUTOINCREMENT,
    "Name" TEXT NOT NULL,
    "Energy" REAL NOT NULL,
    "Fat" REAL NOT NULL,
    "Carbohydrates" REAL NOT NULL,
    "Protein" REAL NOT NULL,
    "Description" TEXT NULL,
    "ImageUrl" TEXT NULL,
    "UserId" TEXT NOT NULL,
    "CategoryId" INTEGER NOT NULL,
    "CreatedAt" TEXT NULL,
    "CollectionId" INTEGER NULL,
    CONSTRAINT "FK_Products_AspNetUsers_UserId" FOREIGN KEY ("UserId") REFERENCES "AspNetUsers" ("Id") ON DELETE CASCADE,
    CONSTRAINT "FK_Products_Categories_CategoryId" FOREIGN KEY ("CategoryId") REFERENCES "Categories" ("CategoryId") ON DELETE CASCADE,
    CONSTRAINT "FK_Products_Collections_CollectionId" FOREIGN KEY ("CollectionId") REFERENCES "Collections" ("CollectionId")
);
2024-11-05 11:54:25.402 +01:00 [INF] Executed DbCommand (0ms) [Parameters=[], CommandType='"Text"', CommandTimeout='30']
CREATE TABLE "AllergyProducts" (
    "AllergyProductId" INTEGER NOT NULL CONSTRAINT "PK_AllergyProducts" PRIMARY KEY AUTOINCREMENT,
    "ProductId" INTEGER NOT NULL,
    "AllergyCode" INTEGER NOT NULL,
    CONSTRAINT "FK_AllergyProducts_Allergies_AllergyCode" FOREIGN KEY ("AllergyCode") REFERENCES "Allergies" ("AllergyCode") ON DELETE CASCADE,
    CONSTRAINT "FK_AllergyProducts_Products_ProductId" FOREIGN KEY ("ProductId") REFERENCES "Products" ("ProductId") ON DELETE CASCADE
);
2024-11-05 11:54:25.406 +01:00 [INF] Executed DbCommand (0ms) [Parameters=[], CommandType='"Text"', CommandTimeout='30']
CREATE TABLE "Reviews" (
    "ReviewId" INTEGER NOT NULL CONSTRAINT "PK_Reviews" PRIMARY KEY AUTOINCREMENT,
    "UserId" TEXT NOT NULL,
    "ProductId" INTEGER NOT NULL,
    "Rating" TEXT NOT NULL,
    "Comment" TEXT NULL,
    "CreatedAt" TEXT NULL,
    CONSTRAINT "FK_Reviews_AspNetUsers_UserId" FOREIGN KEY ("UserId") REFERENCES "AspNetUsers" ("Id") ON DELETE CASCADE,
    CONSTRAINT "FK_Reviews_Products_ProductId" FOREIGN KEY ("ProductId") REFERENCES "Products" ("ProductId") ON DELETE CASCADE
);
2024-11-05 11:54:25.409 +01:00 [INF] Executed DbCommand (0ms) [Parameters=[], CommandType='"Text"', CommandTimeout='30']
CREATE INDEX "IX_AllergyProducts_AllergyCode" ON "AllergyProducts" ("AllergyCode");
2024-11-05 11:54:25.412 +01:00 [INF] Executed DbCommand (0ms) [Parameters=[], CommandType='"Text"', CommandTimeout='30']
CREATE INDEX "IX_AllergyProducts_ProductId" ON "AllergyProducts" ("ProductId");
2024-11-05 11:54:25.415 +01:00 [INF] Executed DbCommand (0ms) [Parameters=[], CommandType='"Text"', CommandTimeout='30']
CREATE INDEX "IX_AspNetRoleClaims_RoleId" ON "AspNetRoleClaims" ("RoleId");
2024-11-05 11:54:25.419 +01:00 [INF] Executed DbCommand (0ms) [Parameters=[], CommandType='"Text"', CommandTimeout='30']
CREATE UNIQUE INDEX "RoleNameIndex" ON "AspNetRoles" ("NormalizedName");
2024-11-05 11:54:25.421 +01:00 [INF] Executed DbCommand (0ms) [Parameters=[], CommandType='"Text"', CommandTimeout='30']
CREATE INDEX "IX_AspNetUserClaims_UserId" ON "AspNetUserClaims" ("UserId");
2024-11-05 11:54:25.425 +01:00 [INF] Executed DbCommand (0ms) [Parameters=[], CommandType='"Text"', CommandTimeout='30']
CREATE INDEX "IX_AspNetUserLogins_UserId" ON "AspNetUserLogins" ("UserId");
2024-11-05 11:54:25.428 +01:00 [INF] Executed DbCommand (0ms) [Parameters=[], CommandType='"Text"', CommandTimeout='30']
CREATE INDEX "IX_AspNetUserRoles_RoleId" ON "AspNetUserRoles" ("RoleId");
2024-11-05 11:54:25.431 +01:00 [INF] Executed DbCommand (0ms) [Parameters=[], CommandType='"Text"', CommandTimeout='30']
CREATE INDEX "EmailIndex" ON "AspNetUsers" ("NormalizedEmail");
2024-11-05 11:54:25.434 +01:00 [INF] Executed DbCommand (0ms) [Parameters=[], CommandType='"Text"', CommandTimeout='30']
CREATE UNIQUE INDEX "UserNameIndex" ON "AspNetUsers" ("NormalizedUserName");
2024-11-05 11:54:25.437 +01:00 [INF] Executed DbCommand (0ms) [Parameters=[], CommandType='"Text"', CommandTimeout='30']
CREATE INDEX "IX_Collections_UserId" ON "Collections" ("UserId");
2024-11-05 11:54:25.443 +01:00 [INF] Executed DbCommand (0ms) [Parameters=[], CommandType='"Text"', CommandTimeout='30']
CREATE INDEX "IX_Products_CategoryId" ON "Products" ("CategoryId");
2024-11-05 11:54:25.449 +01:00 [INF] Executed DbCommand (0ms) [Parameters=[], CommandType='"Text"', CommandTimeout='30']
CREATE INDEX "IX_Products_CollectionId" ON "Products" ("CollectionId");
2024-11-05 11:54:25.453 +01:00 [INF] Executed DbCommand (0ms) [Parameters=[], CommandType='"Text"', CommandTimeout='30']
CREATE INDEX "IX_Products_UserId" ON "Products" ("UserId");
2024-11-05 11:54:25.457 +01:00 [INF] Executed DbCommand (0ms) [Parameters=[], CommandType='"Text"', CommandTimeout='30']
CREATE INDEX "IX_Reviews_ProductId" ON "Reviews" ("ProductId");
2024-11-05 11:54:25.461 +01:00 [INF] Executed DbCommand (0ms) [Parameters=[], CommandType='"Text"', CommandTimeout='30']
CREATE INDEX "IX_Reviews_UserId" ON "Reviews" ("UserId");
2024-11-05 11:54:25.957 +01:00 [INF] Executed DbCommand (5ms) [Parameters=[@__normalizedName_0='?' (Size = 5)], CommandType='"Text"', CommandTimeout='30']
SELECT "a"."Id", "a"."ConcurrencyStamp", "a"."Name", "a"."NormalizedName"
FROM "AspNetRoles" AS "a"
WHERE "a"."NormalizedName" = @__normalizedName_0
LIMIT 1
2024-11-05 11:54:25.980 +01:00 [INF] Executed DbCommand (0ms) [Parameters=[@__normalizedName_0='?' (Size = 5)], CommandType='"Text"', CommandTimeout='30']
SELECT "a"."Id", "a"."ConcurrencyStamp", "a"."Name", "a"."NormalizedName"
FROM "AspNetRoles" AS "a"
WHERE "a"."NormalizedName" = @__normalizedName_0
LIMIT 1
2024-11-05 11:54:26.138 +01:00 [INF] Executed DbCommand (1ms) [Parameters=[@p0='?' (Size = 36), @p1='?', @p2='?' (Size = 5), @p3='?' (Size = 5)], CommandType='"Text"', CommandTimeout='30']
INSERT INTO "AspNetRoles" ("Id", "ConcurrencyStamp", "Name", "NormalizedName")
VALUES (@p0, @p1, @p2, @p3);
2024-11-05 11:54:26.161 +01:00 [INF] Executed DbCommand (0ms) [Parameters=[@__normalizedName_0='?' (Size = 8)], CommandType='"Text"', CommandTimeout='30']
SELECT "a"."Id", "a"."ConcurrencyStamp", "a"."Name", "a"."NormalizedName"
FROM "AspNetRoles" AS "a"
WHERE "a"."NormalizedName" = @__normalizedName_0
LIMIT 1
2024-11-05 11:54:26.166 +01:00 [INF] Executed DbCommand (0ms) [Parameters=[@__normalizedName_0='?' (Size = 8)], CommandType='"Text"', CommandTimeout='30']
SELECT "a"."Id", "a"."ConcurrencyStamp", "a"."Name", "a"."NormalizedName"
FROM "AspNetRoles" AS "a"
WHERE "a"."NormalizedName" = @__normalizedName_0
LIMIT 1
2024-11-05 11:54:26.186 +01:00 [INF] Executed DbCommand (6ms) [Parameters=[@p0='?' (Size = 36), @p1='?', @p2='?' (Size = 8), @p3='?' (Size = 8)], CommandType='"Text"', CommandTimeout='30']
INSERT INTO "AspNetRoles" ("Id", "ConcurrencyStamp", "Name", "NormalizedName")
VALUES (@p0, @p1, @p2, @p3);
2024-11-05 11:54:26.190 +01:00 [INF] Executed DbCommand (0ms) [Parameters=[@__normalizedName_0='?' (Size = 4)], CommandType='"Text"', CommandTimeout='30']
SELECT "a"."Id", "a"."ConcurrencyStamp", "a"."Name", "a"."NormalizedName"
FROM "AspNetRoles" AS "a"
WHERE "a"."NormalizedName" = @__normalizedName_0
LIMIT 1
2024-11-05 11:54:26.194 +01:00 [INF] Executed DbCommand (0ms) [Parameters=[@__normalizedName_0='?' (Size = 4)], CommandType='"Text"', CommandTimeout='30']
SELECT "a"."Id", "a"."ConcurrencyStamp", "a"."Name", "a"."NormalizedName"
FROM "AspNetRoles" AS "a"
WHERE "a"."NormalizedName" = @__normalizedName_0
LIMIT 1
2024-11-05 11:54:26.203 +01:00 [INF] Executed DbCommand (1ms) [Parameters=[@p0='?' (Size = 36), @p1='?', @p2='?' (Size = 4), @p3='?' (Size = 4)], CommandType='"Text"', CommandTimeout='30']
INSERT INTO "AspNetRoles" ("Id", "ConcurrencyStamp", "Name", "NormalizedName")
VALUES (@p0, @p1, @p2, @p3);
2024-11-05 11:54:26.437 +01:00 [INF] Executed DbCommand (0ms) [Parameters=[@__normalizedEmail_0='?' (Size = 17)], CommandType='"Text"', CommandTimeout='30']
SELECT "a"."Id", "a"."AccessFailedCount", "a"."ApplicationUserID", "a"."ConcurrencyStamp", "a"."Email", "a"."EmailConfirmed", "a"."LockoutEnabled", "a"."LockoutEnd", "a"."Name", "a"."NormalizedEmail", "a"."NormalizedUserName", "a"."PasswordHash", "a"."PhoneNumber", "a"."PhoneNumberConfirmed", "a"."SecurityStamp", "a"."TwoFactorEnabled", "a"."UserName"
FROM "AspNetUsers" AS "a"
WHERE "a"."NormalizedEmail" = @__normalizedEmail_0
LIMIT 2
2024-11-05 11:54:26.592 +01:00 [INF] Executed DbCommand (0ms) [Parameters=[@__normalizedUserName_0='?' (Size = 17)], CommandType='"Text"', CommandTimeout='30']
SELECT "a"."Id", "a"."AccessFailedCount", "a"."ApplicationUserID", "a"."ConcurrencyStamp", "a"."Email", "a"."EmailConfirmed", "a"."LockoutEnabled", "a"."LockoutEnd", "a"."Name", "a"."NormalizedEmail", "a"."NormalizedUserName", "a"."PasswordHash", "a"."PhoneNumber", "a"."PhoneNumberConfirmed", "a"."SecurityStamp", "a"."TwoFactorEnabled", "a"."UserName"
FROM "AspNetUsers" AS "a"
WHERE "a"."NormalizedUserName" = @__normalizedUserName_0
LIMIT 1
2024-11-05 11:54:26.669 +01:00 [INF] Executed DbCommand (1ms) [Parameters=[@p0='?' (Size = 36), @p1='?' (DbType = Int32), @p2='?' (DbType = Int32), @p3='?' (Size = 36), @p4='?' (Size = 17), @p5='?' (DbType = Boolean), @p6='?' (DbType = Boolean), @p7='?' (DbType = DateTimeOffset), @p8='?' (Size = 5), @p9='?' (Size = 17), @p10='?' (Size = 17), @p11='?' (Size = 84), @p12='?', @p13='?' (DbType = Boolean), @p14='?' (Size = 32), @p15='?' (DbType = Boolean), @p16='?' (Size = 17)], CommandType='"Text"', CommandTimeout='30']
INSERT INTO "AspNetUsers" ("Id", "AccessFailedCount", "ApplicationUserID", "ConcurrencyStamp", "Email", "EmailConfirmed", "LockoutEnabled", "LockoutEnd", "Name", "NormalizedEmail", "NormalizedUserName", "PasswordHash", "PhoneNumber", "PhoneNumberConfirmed", "SecurityStamp", "TwoFactorEnabled", "UserName")
VALUES (@p0, @p1, @p2, @p3, @p4, @p5, @p6, @p7, @p8, @p9, @p10, @p11, @p12, @p13, @p14, @p15, @p16);
2024-11-05 11:54:26.680 +01:00 [INF] Executed DbCommand (0ms) [Parameters=[@__normalizedRoleName_0='?' (Size = 5)], CommandType='"Text"', CommandTimeout='30']
SELECT "a"."Id", "a"."ConcurrencyStamp", "a"."Name", "a"."NormalizedName"
FROM "AspNetRoles" AS "a"
WHERE "a"."NormalizedName" = @__normalizedRoleName_0
LIMIT 2
2024-11-05 11:54:26.773 +01:00 [INF] Executed DbCommand (0ms) [Parameters=[@__p_0='?' (Size = 36), @__p_1='?' (Size = 36)], CommandType='"Text"', CommandTimeout='30']
SELECT "a"."UserId", "a"."RoleId"
FROM "AspNetUserRoles" AS "a"
WHERE "a"."UserId" = @__p_0 AND "a"."RoleId" = @__p_1
LIMIT 1
2024-11-05 11:54:26.781 +01:00 [INF] Executed DbCommand (0ms) [Parameters=[@__normalizedRoleName_0='?' (Size = 5)], CommandType='"Text"', CommandTimeout='30']
SELECT "a"."Id", "a"."ConcurrencyStamp", "a"."Name", "a"."NormalizedName"
FROM "AspNetRoles" AS "a"
WHERE "a"."NormalizedName" = @__normalizedRoleName_0
LIMIT 2
2024-11-05 11:54:26.801 +01:00 [INF] Executed DbCommand (0ms) [Parameters=[@__normalizedUserName_0='?' (Size = 17)], CommandType='"Text"', CommandTimeout='30']
SELECT "a"."Id", "a"."AccessFailedCount", "a"."ApplicationUserID", "a"."ConcurrencyStamp", "a"."Email", "a"."EmailConfirmed", "a"."LockoutEnabled", "a"."LockoutEnd", "a"."Name", "a"."NormalizedEmail", "a"."NormalizedUserName", "a"."PasswordHash", "a"."PhoneNumber", "a"."PhoneNumberConfirmed", "a"."SecurityStamp", "a"."TwoFactorEnabled", "a"."UserName"
FROM "AspNetUsers" AS "a"
WHERE "a"."NormalizedUserName" = @__normalizedUserName_0
LIMIT 1
2024-11-05 11:54:26.830 +01:00 [INF] Executed DbCommand (0ms) [Parameters=[@p0='?' (Size = 36), @p1='?' (Size = 36)], CommandType='"Text"', CommandTimeout='30']
INSERT INTO "AspNetUserRoles" ("RoleId", "UserId")
VALUES (@p0, @p1);
2024-11-05 11:54:26.837 +01:00 [INF] Executed DbCommand (0ms) [Parameters=[@p16='?' (Size = 36), @p0='?' (DbType = Int32), @p1='?' (DbType = Int32), @p2='?' (Size = 36), @p17='?' (Size = 36), @p3='?' (Size = 17), @p4='?' (DbType = Boolean), @p5='?' (DbType = Boolean), @p6='?' (DbType = DateTimeOffset), @p7='?' (Size = 5), @p8='?' (Size = 17), @p9='?' (Size = 17), @p10='?' (Size = 84), @p11='?', @p12='?' (DbType = Boolean), @p13='?' (Size = 32), @p14='?' (DbType = Boolean), @p15='?' (Size = 17)], CommandType='"Text"', CommandTimeout='30']
UPDATE "AspNetUsers" SET "AccessFailedCount" = @p0, "ApplicationUserID" = @p1, "ConcurrencyStamp" = @p2, "Email" = @p3, "EmailConfirmed" = @p4, "LockoutEnabled" = @p5, "LockoutEnd" = @p6, "Name" = @p7, "NormalizedEmail" = @p8, "NormalizedUserName" = @p9, "PasswordHash" = @p10, "PhoneNumber" = @p11, "PhoneNumberConfirmed" = @p12, "SecurityStamp" = @p13, "TwoFactorEnabled" = @p14, "UserName" = @p15
WHERE "Id" = @p16 AND "ConcurrencyStamp" = @p17
RETURNING 1;
2024-11-05 11:54:26.850 +01:00 [INF] Executed DbCommand (0ms) [Parameters=[@__normalizedEmail_0='?' (Size = 21)], CommandType='"Text"', CommandTimeout='30']
SELECT "a"."Id", "a"."AccessFailedCount", "a"."ApplicationUserID", "a"."ConcurrencyStamp", "a"."Email", "a"."EmailConfirmed", "a"."LockoutEnabled", "a"."LockoutEnd", "a"."Name", "a"."NormalizedEmail", "a"."NormalizedUserName", "a"."PasswordHash", "a"."PhoneNumber", "a"."PhoneNumberConfirmed", "a"."SecurityStamp", "a"."TwoFactorEnabled", "a"."UserName"
FROM "AspNetUsers" AS "a"
WHERE "a"."NormalizedEmail" = @__normalizedEmail_0
LIMIT 2
2024-11-05 11:54:26.934 +01:00 [INF] Executed DbCommand (0ms) [Parameters=[@__normalizedUserName_0='?' (Size = 21)], CommandType='"Text"', CommandTimeout='30']
SELECT "a"."Id", "a"."AccessFailedCount", "a"."ApplicationUserID", "a"."ConcurrencyStamp", "a"."Email", "a"."EmailConfirmed", "a"."LockoutEnabled", "a"."LockoutEnd", "a"."Name", "a"."NormalizedEmail", "a"."NormalizedUserName", "a"."PasswordHash", "a"."PhoneNumber", "a"."PhoneNumberConfirmed", "a"."SecurityStamp", "a"."TwoFactorEnabled", "a"."UserName"
FROM "AspNetUsers" AS "a"
WHERE "a"."NormalizedUserName" = @__normalizedUserName_0
LIMIT 1
2024-11-05 11:54:26.943 +01:00 [INF] Executed DbCommand (3ms) [Parameters=[@p0='?' (Size = 36), @p1='?' (DbType = Int32), @p2='?' (DbType = Int32), @p3='?' (Size = 36), @p4='?' (Size = 21), @p5='?' (DbType = Boolean), @p6='?' (DbType = Boolean), @p7='?' (DbType = DateTimeOffset), @p8='?' (Size = 8), @p9='?' (Size = 21), @p10='?' (Size = 21), @p11='?' (Size = 84), @p12='?', @p13='?' (DbType = Boolean), @p14='?' (Size = 32), @p15='?' (DbType = Boolean), @p16='?' (Size = 21)], CommandType='"Text"', CommandTimeout='30']
INSERT INTO "AspNetUsers" ("Id", "AccessFailedCount", "ApplicationUserID", "ConcurrencyStamp", "Email", "EmailConfirmed", "LockoutEnabled", "LockoutEnd", "Name", "NormalizedEmail", "NormalizedUserName", "PasswordHash", "PhoneNumber", "PhoneNumberConfirmed", "SecurityStamp", "TwoFactorEnabled", "UserName")
VALUES (@p0, @p1, @p2, @p3, @p4, @p5, @p6, @p7, @p8, @p9, @p10, @p11, @p12, @p13, @p14, @p15, @p16);
2024-11-05 11:54:26.946 +01:00 [INF] Executed DbCommand (0ms) [Parameters=[@__normalizedRoleName_0='?' (Size = 8)], CommandType='"Text"', CommandTimeout='30']
SELECT "a"."Id", "a"."ConcurrencyStamp", "a"."Name", "a"."NormalizedName"
FROM "AspNetRoles" AS "a"
WHERE "a"."NormalizedName" = @__normalizedRoleName_0
LIMIT 2
2024-11-05 11:54:26.951 +01:00 [INF] Executed DbCommand (0ms) [Parameters=[@__p_0='?' (Size = 36), @__p_1='?' (Size = 36)], CommandType='"Text"', CommandTimeout='30']
SELECT "a"."UserId", "a"."RoleId"
FROM "AspNetUserRoles" AS "a"
WHERE "a"."UserId" = @__p_0 AND "a"."RoleId" = @__p_1
LIMIT 1
2024-11-05 11:54:26.955 +01:00 [INF] Executed DbCommand (0ms) [Parameters=[@__normalizedRoleName_0='?' (Size = 8)], CommandType='"Text"', CommandTimeout='30']
SELECT "a"."Id", "a"."ConcurrencyStamp", "a"."Name", "a"."NormalizedName"
FROM "AspNetRoles" AS "a"
WHERE "a"."NormalizedName" = @__normalizedRoleName_0
LIMIT 2
2024-11-05 11:54:26.959 +01:00 [INF] Executed DbCommand (0ms) [Parameters=[@__normalizedUserName_0='?' (Size = 21)], CommandType='"Text"', CommandTimeout='30']
SELECT "a"."Id", "a"."AccessFailedCount", "a"."ApplicationUserID", "a"."ConcurrencyStamp", "a"."Email", "a"."EmailConfirmed", "a"."LockoutEnabled", "a"."LockoutEnd", "a"."Name", "a"."NormalizedEmail", "a"."NormalizedUserName", "a"."PasswordHash", "a"."PhoneNumber", "a"."PhoneNumberConfirmed", "a"."SecurityStamp", "a"."TwoFactorEnabled", "a"."UserName"
FROM "AspNetUsers" AS "a"
WHERE "a"."NormalizedUserName" = @__normalizedUserName_0
LIMIT 1
2024-11-05 11:54:26.963 +01:00 [INF] Executed DbCommand (0ms) [Parameters=[@p0='?' (Size = 36), @p1='?' (Size = 36)], CommandType='"Text"', CommandTimeout='30']
INSERT INTO "AspNetUserRoles" ("RoleId", "UserId")
VALUES (@p0, @p1);
2024-11-05 11:54:26.967 +01:00 [INF] Executed DbCommand (0ms) [Parameters=[@p16='?' (Size = 36), @p0='?' (DbType = Int32), @p1='?' (DbType = Int32), @p2='?' (Size = 36), @p17='?' (Size = 36), @p3='?' (Size = 21), @p4='?' (DbType = Boolean), @p5='?' (DbType = Boolean), @p6='?' (DbType = DateTimeOffset), @p7='?' (Size = 8), @p8='?' (Size = 21), @p9='?' (Size = 21), @p10='?' (Size = 84), @p11='?', @p12='?' (DbType = Boolean), @p13='?' (Size = 32), @p14='?' (DbType = Boolean), @p15='?' (Size = 21)], CommandType='"Text"', CommandTimeout='30']
UPDATE "AspNetUsers" SET "AccessFailedCount" = @p0, "ApplicationUserID" = @p1, "ConcurrencyStamp" = @p2, "Email" = @p3, "EmailConfirmed" = @p4, "LockoutEnabled" = @p5, "LockoutEnd" = @p6, "Name" = @p7, "NormalizedEmail" = @p8, "NormalizedUserName" = @p9, "PasswordHash" = @p10, "PhoneNumber" = @p11, "PhoneNumberConfirmed" = @p12, "SecurityStamp" = @p13, "TwoFactorEnabled" = @p14, "UserName" = @p15
WHERE "Id" = @p16 AND "ConcurrencyStamp" = @p17
RETURNING 1;
2024-11-05 11:54:26.971 +01:00 [INF] Executed DbCommand (0ms) [Parameters=[@__normalizedEmail_0='?' (Size = 16)], CommandType='"Text"', CommandTimeout='30']
SELECT "a"."Id", "a"."AccessFailedCount", "a"."ApplicationUserID", "a"."ConcurrencyStamp", "a"."Email", "a"."EmailConfirmed", "a"."LockoutEnabled", "a"."LockoutEnd", "a"."Name", "a"."NormalizedEmail", "a"."NormalizedUserName", "a"."PasswordHash", "a"."PhoneNumber", "a"."PhoneNumberConfirmed", "a"."SecurityStamp", "a"."TwoFactorEnabled", "a"."UserName"
FROM "AspNetUsers" AS "a"
WHERE "a"."NormalizedEmail" = @__normalizedEmail_0
LIMIT 2
2024-11-05 11:54:27.053 +01:00 [INF] Executed DbCommand (0ms) [Parameters=[@__normalizedUserName_0='?' (Size = 16)], CommandType='"Text"', CommandTimeout='30']
SELECT "a"."Id", "a"."AccessFailedCount", "a"."ApplicationUserID", "a"."ConcurrencyStamp", "a"."Email", "a"."EmailConfirmed", "a"."LockoutEnabled", "a"."LockoutEnd", "a"."Name", "a"."NormalizedEmail", "a"."NormalizedUserName", "a"."PasswordHash", "a"."PhoneNumber", "a"."PhoneNumberConfirmed", "a"."SecurityStamp", "a"."TwoFactorEnabled", "a"."UserName"
FROM "AspNetUsers" AS "a"
WHERE "a"."NormalizedUserName" = @__normalizedUserName_0
LIMIT 1
2024-11-05 11:54:27.057 +01:00 [INF] Executed DbCommand (0ms) [Parameters=[@p0='?' (Size = 36), @p1='?' (DbType = Int32), @p2='?' (DbType = Int32), @p3='?' (Size = 36), @p4='?' (Size = 16), @p5='?' (DbType = Boolean), @p6='?' (DbType = Boolean), @p7='?' (DbType = DateTimeOffset), @p8='?' (Size = 4), @p9='?' (Size = 16), @p10='?' (Size = 16), @p11='?' (Size = 84), @p12='?', @p13='?' (DbType = Boolean), @p14='?' (Size = 32), @p15='?' (DbType = Boolean), @p16='?' (Size = 16)], CommandType='"Text"', CommandTimeout='30']
INSERT INTO "AspNetUsers" ("Id", "AccessFailedCount", "ApplicationUserID", "ConcurrencyStamp", "Email", "EmailConfirmed", "LockoutEnabled", "LockoutEnd", "Name", "NormalizedEmail", "NormalizedUserName", "PasswordHash", "PhoneNumber", "PhoneNumberConfirmed", "SecurityStamp", "TwoFactorEnabled", "UserName")
VALUES (@p0, @p1, @p2, @p3, @p4, @p5, @p6, @p7, @p8, @p9, @p10, @p11, @p12, @p13, @p14, @p15, @p16);
2024-11-05 11:54:27.061 +01:00 [INF] Executed DbCommand (0ms) [Parameters=[@__normalizedRoleName_0='?' (Size = 4)], CommandType='"Text"', CommandTimeout='30']
SELECT "a"."Id", "a"."ConcurrencyStamp", "a"."Name", "a"."NormalizedName"
FROM "AspNetRoles" AS "a"
WHERE "a"."NormalizedName" = @__normalizedRoleName_0
LIMIT 2
2024-11-05 11:54:27.065 +01:00 [INF] Executed DbCommand (0ms) [Parameters=[@__p_0='?' (Size = 36), @__p_1='?' (Size = 36)], CommandType='"Text"', CommandTimeout='30']
SELECT "a"."UserId", "a"."RoleId"
FROM "AspNetUserRoles" AS "a"
WHERE "a"."UserId" = @__p_0 AND "a"."RoleId" = @__p_1
LIMIT 1
2024-11-05 11:54:27.068 +01:00 [INF] Executed DbCommand (0ms) [Parameters=[@__normalizedRoleName_0='?' (Size = 4)], CommandType='"Text"', CommandTimeout='30']
SELECT "a"."Id", "a"."ConcurrencyStamp", "a"."Name", "a"."NormalizedName"
FROM "AspNetRoles" AS "a"
WHERE "a"."NormalizedName" = @__normalizedRoleName_0
LIMIT 2
2024-11-05 11:54:27.071 +01:00 [INF] Executed DbCommand (0ms) [Parameters=[@__normalizedUserName_0='?' (Size = 16)], CommandType='"Text"', CommandTimeout='30']
SELECT "a"."Id", "a"."AccessFailedCount", "a"."ApplicationUserID", "a"."ConcurrencyStamp", "a"."Email", "a"."EmailConfirmed", "a"."LockoutEnabled", "a"."LockoutEnd", "a"."Name", "a"."NormalizedEmail", "a"."NormalizedUserName", "a"."PasswordHash", "a"."PhoneNumber", "a"."PhoneNumberConfirmed", "a"."SecurityStamp", "a"."TwoFactorEnabled", "a"."UserName"
FROM "AspNetUsers" AS "a"
WHERE "a"."NormalizedUserName" = @__normalizedUserName_0
LIMIT 1
2024-11-05 11:54:27.133 +01:00 [INF] Executed DbCommand (0ms) [Parameters=[@p0='?' (Size = 36), @p1='?' (Size = 36)], CommandType='"Text"', CommandTimeout='30']
INSERT INTO "AspNetUserRoles" ("RoleId", "UserId")
VALUES (@p0, @p1);
2024-11-05 11:54:27.168 +01:00 [INF] Executed DbCommand (32ms) [Parameters=[@p16='?' (Size = 36), @p0='?' (DbType = Int32), @p1='?' (DbType = Int32), @p2='?' (Size = 36), @p17='?' (Size = 36), @p3='?' (Size = 16), @p4='?' (DbType = Boolean), @p5='?' (DbType = Boolean), @p6='?' (DbType = DateTimeOffset), @p7='?' (Size = 4), @p8='?' (Size = 16), @p9='?' (Size = 16), @p10='?' (Size = 84), @p11='?', @p12='?' (DbType = Boolean), @p13='?' (Size = 32), @p14='?' (DbType = Boolean), @p15='?' (Size = 16)], CommandType='"Text"', CommandTimeout='30']
UPDATE "AspNetUsers" SET "AccessFailedCount" = @p0, "ApplicationUserID" = @p1, "ConcurrencyStamp" = @p2, "Email" = @p3, "EmailConfirmed" = @p4, "LockoutEnabled" = @p5, "LockoutEnd" = @p6, "Name" = @p7, "NormalizedEmail" = @p8, "NormalizedUserName" = @p9, "PasswordHash" = @p10, "PhoneNumber" = @p11, "PhoneNumberConfirmed" = @p12, "SecurityStamp" = @p13, "TwoFactorEnabled" = @p14, "UserName" = @p15
WHERE "Id" = @p16 AND "ConcurrencyStamp" = @p17
RETURNING 1;
2024-11-05 11:54:27.172 +01:00 [INF] Executed DbCommand (0ms) [Parameters=[@__normalizedEmail_0='?' (Size = 17)], CommandType='"Text"', CommandTimeout='30']
SELECT "a"."Id", "a"."AccessFailedCount", "a"."ApplicationUserID", "a"."ConcurrencyStamp", "a"."Email", "a"."EmailConfirmed", "a"."LockoutEnabled", "a"."LockoutEnd", "a"."Name", "a"."NormalizedEmail", "a"."NormalizedUserName", "a"."PasswordHash", "a"."PhoneNumber", "a"."PhoneNumberConfirmed", "a"."SecurityStamp", "a"."TwoFactorEnabled", "a"."UserName"
FROM "AspNetUsers" AS "a"
WHERE "a"."NormalizedEmail" = @__normalizedEmail_0
LIMIT 2
2024-11-05 11:54:27.177 +01:00 [INF] Executed DbCommand (0ms) [Parameters=[@__normalizedEmail_0='?' (Size = 21)], CommandType='"Text"', CommandTimeout='30']
SELECT "a"."Id", "a"."AccessFailedCount", "a"."ApplicationUserID", "a"."ConcurrencyStamp", "a"."Email", "a"."EmailConfirmed", "a"."LockoutEnabled", "a"."LockoutEnd", "a"."Name", "a"."NormalizedEmail", "a"."NormalizedUserName", "a"."PasswordHash", "a"."PhoneNumber", "a"."PhoneNumberConfirmed", "a"."SecurityStamp", "a"."TwoFactorEnabled", "a"."UserName"
FROM "AspNetUsers" AS "a"
WHERE "a"."NormalizedEmail" = @__normalizedEmail_0
LIMIT 2
2024-11-05 11:54:27.180 +01:00 [INF] Executed DbCommand (0ms) [Parameters=[@__normalizedEmail_0='?' (Size = 16)], CommandType='"Text"', CommandTimeout='30']
SELECT "a"."Id", "a"."AccessFailedCount", "a"."ApplicationUserID", "a"."ConcurrencyStamp", "a"."Email", "a"."EmailConfirmed", "a"."LockoutEnabled", "a"."LockoutEnd", "a"."Name", "a"."NormalizedEmail", "a"."NormalizedUserName", "a"."PasswordHash", "a"."PhoneNumber", "a"."PhoneNumberConfirmed", "a"."SecurityStamp", "a"."TwoFactorEnabled", "a"."UserName"
FROM "AspNetUsers" AS "a"
WHERE "a"."NormalizedEmail" = @__normalizedEmail_0
LIMIT 2
2024-11-05 11:54:27.196 +01:00 [INF] Executed DbCommand (0ms) [Parameters=[], CommandType='"Text"', CommandTimeout='30']
SELECT EXISTS (
    SELECT 1
    FROM "Allergies" AS "a")
2024-11-05 11:54:27.236 +01:00 [INF] Executed DbCommand (0ms) [Parameters=[@p0='?' (DbType = Int32), @p1='?' (Size = 6)], CommandType='"Text"', CommandTimeout='30']
INSERT INTO "Allergies" ("AllergyCode", "Name")
VALUES (@p0, @p1);
2024-11-05 11:54:27.240 +01:00 [INF] Executed DbCommand (0ms) [Parameters=[@p0='?' (DbType = Int32), @p1='?' (Size = 4)], CommandType='"Text"', CommandTimeout='30']
INSERT INTO "Allergies" ("AllergyCode", "Name")
VALUES (@p0, @p1);
2024-11-05 11:54:27.243 +01:00 [INF] Executed DbCommand (0ms) [Parameters=[@p0='?' (DbType = Int32), @p1='?' (Size = 3)], CommandType='"Text"', CommandTimeout='30']
INSERT INTO "Allergies" ("AllergyCode", "Name")
VALUES (@p0, @p1);
2024-11-05 11:54:27.246 +01:00 [INF] Executed DbCommand (0ms) [Parameters=[@p0='?' (DbType = Int32), @p1='?' (Size = 3)], CommandType='"Text"', CommandTimeout='30']
INSERT INTO "Allergies" ("AllergyCode", "Name")
VALUES (@p0, @p1);
2024-11-05 11:54:27.252 +01:00 [INF] Executed DbCommand (0ms) [Parameters=[], CommandType='"Text"', CommandTimeout='30']
SELECT EXISTS (
    SELECT 1
    FROM "Categories" AS "c")
2024-11-05 11:54:27.279 +01:00 [INF] Executed DbCommand (0ms) [Parameters=[@p0='?' (Size = 23)], CommandType='"Text"', CommandTimeout='30']
INSERT INTO "Categories" ("Name")
VALUES (@p0)
RETURNING "CategoryId";
2024-11-05 11:54:27.293 +01:00 [INF] Executed DbCommand (0ms) [Parameters=[@p0='?' (Size = 5)], CommandType='"Text"', CommandTimeout='30']
INSERT INTO "Categories" ("Name")
VALUES (@p0)
RETURNING "CategoryId";
2024-11-05 11:54:27.296 +01:00 [INF] Executed DbCommand (0ms) [Parameters=[@p0='?' (Size = 4)], CommandType='"Text"', CommandTimeout='30']
INSERT INTO "Categories" ("Name")
VALUES (@p0)
RETURNING "CategoryId";
2024-11-05 11:54:27.299 +01:00 [INF] Executed DbCommand (0ms) [Parameters=[@p0='?' (Size = 21)], CommandType='"Text"', CommandTimeout='30']
INSERT INTO "Categories" ("Name")
VALUES (@p0)
RETURNING "CategoryId";
2024-11-05 11:54:27.306 +01:00 [INF] Executed DbCommand (0ms) [Parameters=[], CommandType='"Text"', CommandTimeout='30']
SELECT EXISTS (
    SELECT 1
    FROM "Products" AS "p")
2024-11-05 11:54:27.375 +01:00 [INF] Executed DbCommand (1ms) [Parameters=[@p0='?' (DbType = Double), @p1='?' (DbType = Int32), @p2='?' (DbType = Int32), @p3='?' (DbType = DateTime), @p4='?' (Size = 4), @p5='?' (DbType = Double), @p6='?' (DbType = Double), @p7='?' (Size = 16), @p8='?' (Size = 4), @p9='?' (DbType = Double), @p10='?' (Size = 36)], CommandType='"Text"', CommandTimeout='30']
INSERT INTO "Products" ("Carbohydrates", "CategoryId", "CollectionId", "CreatedAt", "Description", "Energy", "Fat", "ImageUrl", "Name", "Protein", "UserId")
VALUES (@p0, @p1, @p2, @p3, @p4, @p5, @p6, @p7, @p8, @p9, @p10)
RETURNING "ProductId";
2024-11-05 11:54:27.382 +01:00 [INF] Executed DbCommand (0ms) [Parameters=[@p0='?' (DbType = Double), @p1='?' (DbType = Int32), @p2='?' (DbType = Int32), @p3='?' (DbType = DateTime), @p4='?' (Size = 4), @p5='?' (DbType = Double), @p6='?' (DbType = Double), @p7='?' (Size = 16), @p8='?' (Size = 5), @p9='?' (DbType = Double), @p10='?' (Size = 36)], CommandType='"Text"', CommandTimeout='30']
INSERT INTO "Products" ("Carbohydrates", "CategoryId", "CollectionId", "CreatedAt", "Description", "Energy", "Fat", "ImageUrl", "Name", "Protein", "UserId")
VALUES (@p0, @p1, @p2, @p3, @p4, @p5, @p6, @p7, @p8, @p9, @p10)
RETURNING "ProductId";
2024-11-05 11:54:27.385 +01:00 [INF] Executed DbCommand (0ms) [Parameters=[@p0='?' (DbType = Double), @p1='?' (DbType = Int32), @p2='?' (DbType = Int32), @p3='?' (DbType = DateTime), @p4='?' (Size = 4), @p5='?' (DbType = Double), @p6='?' (DbType = Double), @p7='?' (Size = 16), @p8='?' (Size = 5), @p9='?' (DbType = Double), @p10='?' (Size = 36)], CommandType='"Text"', CommandTimeout='30']
INSERT INTO "Products" ("Carbohydrates", "CategoryId", "CollectionId", "CreatedAt", "Description", "Energy", "Fat", "ImageUrl", "Name", "Protein", "UserId")
VALUES (@p0, @p1, @p2, @p3, @p4, @p5, @p6, @p7, @p8, @p9, @p10)
RETURNING "ProductId";
2024-11-05 11:54:27.388 +01:00 [INF] Executed DbCommand (0ms) [Parameters=[@p0='?' (DbType = Double), @p1='?' (DbType = Int32), @p2='?' (DbType = Int32), @p3='?' (DbType = DateTime), @p4='?' (Size = 16), @p5='?' (DbType = Double), @p6='?' (DbType = Double), @p7='?' (Size = 16), @p8='?' (Size = 4), @p9='?' (DbType = Double), @p10='?' (Size = 36)], CommandType='"Text"', CommandTimeout='30']
INSERT INTO "Products" ("Carbohydrates", "CategoryId", "CollectionId", "CreatedAt", "Description", "Energy", "Fat", "ImageUrl", "Name", "Protein", "UserId")
VALUES (@p0, @p1, @p2, @p3, @p4, @p5, @p6, @p7, @p8, @p9, @p10)
RETURNING "ProductId";
2024-11-05 11:54:27.394 +01:00 [INF] Executed DbCommand (0ms) [Parameters=[], CommandType='"Text"', CommandTimeout='30']
SELECT EXISTS (
    SELECT 1
    FROM "AllergyProducts" AS "a")
2024-11-05 11:54:27.410 +01:00 [INF] Executed DbCommand (0ms) [Parameters=[@p0='?' (DbType = Int32), @p1='?' (DbType = Int32)], CommandType='"Text"', CommandTimeout='30']
INSERT INTO "AllergyProducts" ("AllergyCode", "ProductId")
VALUES (@p0, @p1)
RETURNING "AllergyProductId";
2024-11-05 11:54:27.414 +01:00 [INF] Executed DbCommand (0ms) [Parameters=[@p0='?' (DbType = Int32), @p1='?' (DbType = Int32)], CommandType='"Text"', CommandTimeout='30']
INSERT INTO "AllergyProducts" ("AllergyCode", "ProductId")
VALUES (@p0, @p1)
RETURNING "AllergyProductId";
2024-11-05 11:54:27.420 +01:00 [INF] Executed DbCommand (0ms) [Parameters=[], CommandType='"Text"', CommandTimeout='30']
SELECT EXISTS (
    SELECT 1
    FROM "Reviews" AS "r")
2024-11-05 11:54:27.451 +01:00 [INF] Executed DbCommand (0ms) [Parameters=[@p0='?' (Size = 7), @p1='?' (DbType = DateTime), @p2='?' (DbType = Int32), @p3='?' (DbType = Decimal), @p4='?' (Size = 36)], CommandType='"Text"', CommandTimeout='30']
INSERT INTO "Reviews" ("Comment", "CreatedAt", "ProductId", "Rating", "UserId")
VALUES (@p0, @p1, @p2, @p3, @p4)
RETURNING "ReviewId";
2024-11-05 11:54:27.455 +01:00 [INF] Executed DbCommand (0ms) [Parameters=[@p0='?' (Size = 6), @p1='?' (DbType = DateTime), @p2='?' (DbType = Int32), @p3='?' (DbType = Decimal), @p4='?' (Size = 36)], CommandType='"Text"', CommandTimeout='30']
INSERT INTO "Reviews" ("Comment", "CreatedAt", "ProductId", "Rating", "UserId")
VALUES (@p0, @p1, @p2, @p3, @p4)
RETURNING "ReviewId";
2024-11-05 11:54:27.462 +01:00 [INF] Executed DbCommand (0ms) [Parameters=[], CommandType='"Text"', CommandTimeout='30']
SELECT EXISTS (
    SELECT 1
    FROM "Collections" AS "c")
2024-11-05 11:54:27.482 +01:00 [INF] Executed DbCommand (0ms) [Parameters=[@p0='?' (DbType = DateTime), @p1='?' (Size = 5), @p2='?' (Size = 36)], CommandType='"Text"', CommandTimeout='30']
INSERT INTO "Collections" ("CreatedAt", "Name", "UserId")
VALUES (@p0, @p1, @p2)
RETURNING "CollectionId";
2024-11-05 11:54:27.487 +01:00 [INF] Executed DbCommand (0ms) [Parameters=[@p0='?' (DbType = DateTime), @p1='?' (Size = 4), @p2='?' (Size = 36)], CommandType='"Text"', CommandTimeout='30']
INSERT INTO "Collections" ("CreatedAt", "Name", "UserId")
VALUES (@p0, @p1, @p2)
RETURNING "CollectionId";
2024-11-05 11:54:27.902 +01:00 [INF] Now listening on: http://localhost:5001
2024-11-05 11:54:27.911 +01:00 [INF] Application started. Press Ctrl+C to shut down.
2024-11-05 11:54:27.915 +01:00 [INF] Hosting environment: Development
2024-11-05 11:54:27.918 +01:00 [INF] Content root path: /Users/ange-claranyatchaptched/Desktop/webapp_sub1/mvc
2024-11-05 11:54:29.410 +01:00 [INF] Request starting HTTP/1.1 GET http://localhost:5001/ - null null
2024-11-05 11:54:29.434 +01:00 [WRN] Failed to determine the https port for redirect.
2024-11-05 11:54:29.556 +01:00 [INF] Executing endpoint 'mvc.Controllers.HomeController.Index (mvc)'
2024-11-05 11:54:29.584 +01:00 [INF] Route matched with {action = "Index", controller = "Home", page = "", area = ""}. Executing controller action with signature Microsoft.AspNetCore.Mvc.IActionResult Index() on controller mvc.Controllers.HomeController (mvc).
2024-11-05 11:54:29.622 +01:00 [INF] Executing ViewResult, running view Index.
2024-11-05 11:54:29.958 +01:00 [INF] Executed ViewResult - view Index executed in 345.6401ms.
2024-11-05 11:54:29.962 +01:00 [INF] Executed action mvc.Controllers.HomeController.Index (mvc) in 375.6048ms
2024-11-05 11:54:29.962 +01:00 [INF] Executed endpoint 'mvc.Controllers.HomeController.Index (mvc)'
2024-11-05 11:54:29.967 +01:00 [INF] Request finished HTTP/1.1 GET http://localhost:5001/ - 200 null text/html; charset=utf-8 564.6564ms
2024-11-05 11:54:35.332 +01:00 [INF] Request starting HTTP/1.1 GET http://localhost:5001/Review - null null
2024-11-05 11:54:35.341 +01:00 [INF] Executing endpoint 'mvc.Controllers.ReviewController.Index (mvc)'
2024-11-05 11:54:35.350 +01:00 [INF] Route matched with {action = "Index", controller = "Review", page = "", area = ""}. Executing controller action with signature System.Threading.Tasks.Task`1[Microsoft.AspNetCore.Mvc.IActionResult] Index() on controller mvc.Controllers.ReviewController (mvc).
2024-11-05 11:54:35.442 +01:00 [INF] Executed DbCommand (0ms) [Parameters=[], CommandType='"Text"', CommandTimeout='30']
SELECT "r"."ReviewId", "r"."Comment", "r"."CreatedAt", "r"."ProductId", "r"."Rating", "r"."UserId"
FROM "Reviews" AS "r"
2024-11-05 11:54:35.469 +01:00 [INF] Executing ViewResult, running view Index.
2024-11-05 11:54:35.479 +01:00 [ERR] The view 'Index' was not found. Searched locations: ["/Views/Review/Index.cshtml","/Views/Shared/Index.cshtml","/Pages/Shared/Index.cshtml"]
2024-11-05 11:54:35.486 +01:00 [INF] Executed action mvc.Controllers.ReviewController.Index (mvc) in 135.9707ms
2024-11-05 11:54:35.487 +01:00 [INF] Executed endpoint 'mvc.Controllers.ReviewController.Index (mvc)'
2024-11-05 11:54:35.530 +01:00 [ERR] An unhandled exception has occurred while executing the request.
System.InvalidOperationException: The view 'Index' was not found. The following locations were searched:
/Views/Review/Index.cshtml
/Views/Shared/Index.cshtml
/Pages/Shared/Index.cshtml
   at Microsoft.AspNetCore.Mvc.ViewEngines.ViewEngineResult.EnsureSuccessful(IEnumerable`1 originalLocations)
   at Microsoft.AspNetCore.Mvc.ViewFeatures.ViewResultExecutor.ExecuteAsync(ActionContext context, ViewResult result)
   at Microsoft.AspNetCore.Mvc.ViewResult.ExecuteResultAsync(ActionContext context)
   at Microsoft.AspNetCore.Mvc.Infrastructure.ResourceInvoker.<InvokeNextResultFilterAsync>g__Awaited|30_0[TFilter,TFilterAsync](ResourceInvoker invoker, Task lastTask, State next, Scope scope, Object state, Boolean isCompleted)
   at Microsoft.AspNetCore.Mvc.Infrastructure.ResourceInvoker.Rethrow(ResultExecutedContextSealed context)
   at Microsoft.AspNetCore.Mvc.Infrastructure.ResourceInvoker.ResultNext[TFilter,TFilterAsync](State& next, Scope& scope, Object& state, Boolean& isCompleted)
   at Microsoft.AspNetCore.Mvc.Infrastructure.ResourceInvoker.InvokeResultFilters()
--- End of stack trace from previous location ---
   at Microsoft.AspNetCore.Mvc.Infrastructure.ResourceInvoker.<InvokeNextResourceFilter>g__Awaited|25_0(ResourceInvoker invoker, Task lastTask, State next, Scope scope, Object state, Boolean isCompleted)
   at Microsoft.AspNetCore.Mvc.Infrastructure.ResourceInvoker.Rethrow(ResourceExecutedContextSealed context)
   at Microsoft.AspNetCore.Mvc.Infrastructure.ResourceInvoker.Next(State& next, Scope& scope, Object& state, Boolean& isCompleted)
   at Microsoft.AspNetCore.Mvc.Infrastructure.ResourceInvoker.InvokeFilterPipelineAsync()
--- End of stack trace from previous location ---
   at Microsoft.AspNetCore.Mvc.Infrastructure.ResourceInvoker.<InvokeAsync>g__Logged|17_1(ResourceInvoker invoker)
   at Microsoft.AspNetCore.Mvc.Infrastructure.ResourceInvoker.<InvokeAsync>g__Logged|17_1(ResourceInvoker invoker)
   at Microsoft.AspNetCore.Routing.EndpointMiddleware.<Invoke>g__AwaitRequestTask|7_0(Endpoint endpoint, Task requestTask, ILogger logger)
   at Microsoft.AspNetCore.Authorization.AuthorizationMiddleware.Invoke(HttpContext context)
   at Microsoft.AspNetCore.Authentication.AuthenticationMiddleware.Invoke(HttpContext context)
   at Microsoft.AspNetCore.Diagnostics.DeveloperExceptionPageMiddlewareImpl.Invoke(HttpContext context)
2024-11-05 11:54:35.565 +01:00 [INF] Request finished HTTP/1.1 GET http://localhost:5001/Review - 500 null text/html; charset=utf-8 232.8335ms
2024-11-05 11:54:37.978 +01:00 [INF] Request starting HTTP/1.1 GET http://localhost:5001/ - null null
2024-11-05 11:54:37.982 +01:00 [INF] Executing endpoint 'mvc.Controllers.HomeController.Index (mvc)'
2024-11-05 11:54:37.982 +01:00 [INF] Route matched with {action = "Index", controller = "Home", page = "", area = ""}. Executing controller action with signature Microsoft.AspNetCore.Mvc.IActionResult Index() on controller mvc.Controllers.HomeController (mvc).
2024-11-05 11:54:37.983 +01:00 [INF] Executing ViewResult, running view Index.
2024-11-05 11:54:38.012 +01:00 [INF] Executed ViewResult - view Index executed in 29.9875ms.
2024-11-05 11:54:38.013 +01:00 [INF] Executed action mvc.Controllers.HomeController.Index (mvc) in 30.6648ms
2024-11-05 11:54:38.015 +01:00 [INF] Executed endpoint 'mvc.Controllers.HomeController.Index (mvc)'
2024-11-05 11:54:38.015 +01:00 [INF] Request finished HTTP/1.1 GET http://localhost:5001/ - 200 null text/html; charset=utf-8 37.2212ms
2024-11-05 11:54:39.304 +01:00 [INF] Request starting HTTP/1.1 GET http://localhost:5001/ - null null
2024-11-05 11:54:39.308 +01:00 [INF] Executing endpoint 'mvc.Controllers.HomeController.Index (mvc)'
2024-11-05 11:54:39.308 +01:00 [INF] Route matched with {action = "Index", controller = "Home", page = "", area = ""}. Executing controller action with signature Microsoft.AspNetCore.Mvc.IActionResult Index() on controller mvc.Controllers.HomeController (mvc).
2024-11-05 11:54:39.309 +01:00 [INF] Executing ViewResult, running view Index.
2024-11-05 11:54:39.311 +01:00 [INF] Executed ViewResult - view Index executed in 2.6132ms.
2024-11-05 11:54:39.311 +01:00 [INF] Executed action mvc.Controllers.HomeController.Index (mvc) in 2.9945ms
2024-11-05 11:54:39.312 +01:00 [INF] Executed endpoint 'mvc.Controllers.HomeController.Index (mvc)'
2024-11-05 11:54:39.312 +01:00 [INF] Request finished HTTP/1.1 GET http://localhost:5001/ - 200 null text/html; charset=utf-8 7.8915ms
